2018-03-21 10:53:28.694 cms-boot INFO  [main] o.s.c.a.AnnotationConfigApplicationContext - Refreshing org.springframework.context.annotation.AnnotationConfigApplicationContext@73a8dfcc: startup date [Wed Mar 21 10:53:28 CST 2018]; root of context hierarchy
2018-03-21 10:53:28.833 cms-boot INFO  [background-preinit] o.h.validator.internal.util.Version - HV000001: Hibernate Validator 5.3.6.Final
2018-03-21 10:53:29.257 cms-boot INFO  [main] o.s.b.f.a.AutowiredAnnotationBeanPostProcessor - JSR-330 'javax.inject.Inject' annotation found and supported for autowiring
2018-03-21 10:53:29.346 cms-boot INFO  [main] o.s.c.s.PostProcessorRegistrationDelegate$BeanPostProcessorChecker - Bean 'configurationPropertiesRebinderAutoConfiguration' of type [org.springframework.cloud.autoconfigure.ConfigurationPropertiesRebinderAutoConfiguration$$EnhancerBySpringCGLIB$$84d6e44d] is not eligible for getting processed by all BeanPostProcessors (for example: not eligible for auto-proxying)
2018-03-21 10:53:30.247 cms-boot INFO  [main] c.c.t.TencentServiceApplication - The following profiles are active: dev
2018-03-21 10:53:30.293 cms-boot INFO  [main] o.s.b.c.e.AnnotationConfigEmbeddedWebApplicationContext - Refreshing org.springframework.boot.context.embedded.AnnotationConfigEmbeddedWebApplicationContext@335eadca: startup date [Wed Mar 21 10:53:30 CST 2018]; parent: org.springframework.context.annotation.AnnotationConfigApplicationContext@73a8dfcc
2018-03-21 10:53:32.366 cms-boot INFO  [main] o.s.cloud.context.scope.GenericScope - BeanFactory id=5cb6ffca-2bd4-3b4b-b0ec-25a7111f3c9d
2018-03-21 10:53:32.421 cms-boot INFO  [main] c.u.j.c.EnableEncryptablePropertiesBeanFactoryPostProcessor - Post-processing PropertySource instances
2018-03-21 10:53:32.506 cms-boot INFO  [main] c.u.j.EncryptablePropertySourceConverter - Converting PropertySource servletConfigInitParams [org.springframework.core.env.PropertySource$StubPropertySource] to EncryptablePropertySourceWrapper
2018-03-21 10:53:32.506 cms-boot INFO  [main] c.u.j.EncryptablePropertySourceConverter - Converting PropertySource servletContextInitParams [org.springframework.core.env.PropertySource$StubPropertySource] to EncryptablePropertySourceWrapper
2018-03-21 10:53:32.506 cms-boot INFO  [main] c.u.j.EncryptablePropertySourceConverter - Converting PropertySource systemProperties [org.springframework.core.env.MapPropertySource] to EncryptableMapPropertySourceWrapper
2018-03-21 10:53:32.507 cms-boot INFO  [main] c.u.j.EncryptablePropertySourceConverter - Converting PropertySource systemEnvironment [org.springframework.core.env.SystemEnvironmentPropertySource] to EncryptableMapPropertySourceWrapper
2018-03-21 10:53:32.507 cms-boot INFO  [main] c.u.j.EncryptablePropertySourceConverter - Converting PropertySource random [org.springframework.boot.context.config.RandomValuePropertySource] to EncryptablePropertySourceWrapper
2018-03-21 10:53:32.507 cms-boot INFO  [main] c.u.j.EncryptablePropertySourceConverter - Converting PropertySource applicationConfig: [classpath:/application.yml]#dev [org.springframework.core.env.MapPropertySource] to EncryptableMapPropertySourceWrapper
2018-03-21 10:53:32.508 cms-boot INFO  [main] c.u.j.EncryptablePropertySourceConverter - Converting PropertySource applicationConfig: [classpath:/application.yml] [org.springframework.core.env.MapPropertySource] to EncryptableMapPropertySourceWrapper
2018-03-21 10:53:32.509 cms-boot INFO  [main] c.u.j.EncryptablePropertySourceConverter - Converting PropertySource springCloudClientHostInfo [org.springframework.core.env.MapPropertySource] to EncryptableMapPropertySourceWrapper
2018-03-21 10:53:32.510 cms-boot INFO  [main] c.u.j.EncryptablePropertySourceConverter - Converting PropertySource defaultProperties [org.springframework.core.env.MapPropertySource] to EncryptableMapPropertySourceWrapper
2018-03-21 10:53:32.533 cms-boot INFO  [main] o.s.b.f.a.AutowiredAnnotationBeanPostProcessor - JSR-330 'javax.inject.Inject' annotation found and supported for autowiring
2018-03-21 10:53:32.588 cms-boot INFO  [main] c.u.j.r.DefaultLazyPropertyResolver - Property Resolver custom Bean not found with name 'encryptablePropertyResolver'. Initializing Default Property Resolver
2018-03-21 10:53:32.594 cms-boot INFO  [main] c.u.j.d.DefaultLazyPropertyDetector - Property Detector custom Bean not found with name 'encryptablePropertyDetector'. Initializing Default Property Detector
2018-03-21 10:53:32.833 cms-boot INFO  [main] o.s.c.s.PostProcessorRegistrationDelegate$BeanPostProcessorChecker - Bean 'org.springframework.cloud.netflix.metrics.MetricsInterceptorConfiguration$MetricsRestTemplateConfiguration' of type [org.springframework.cloud.netflix.metrics.MetricsInterceptorConfiguration$MetricsRestTemplateConfiguration$$EnhancerBySpringCGLIB$$9ae98791] is not eligible for getting processed by all BeanPostProcessors (for example: not eligible for auto-proxying)
2018-03-21 10:53:33.009 cms-boot INFO  [main] o.s.c.s.PostProcessorRegistrationDelegate$BeanPostProcessorChecker - Bean 'org.springframework.cloud.autoconfigure.ConfigurationPropertiesRebinderAutoConfiguration' of type [org.springframework.cloud.autoconfigure.ConfigurationPropertiesRebinderAutoConfiguration$$EnhancerBySpringCGLIB$$84d6e44d] is not eligible for getting processed by all BeanPostProcessors (for example: not eligible for auto-proxying)
2018-03-21 10:53:33.424 cms-boot INFO  [main] org.xnio - XNIO version 3.3.8.Final
2018-03-21 10:53:33.449 cms-boot INFO  [main] org.xnio.nio - XNIO NIO Implementation Version 3.3.8.Final
2018-03-21 10:53:33.626 cms-boot INFO  [main] io.undertow.servlet - Initializing Spring embedded WebApplicationContext
2018-03-21 10:53:33.626 cms-boot INFO  [main] o.s.web.context.ContextLoader - Root WebApplicationContext: initialization completed in 3333 ms
2018-03-21 10:53:33.966 cms-boot INFO  [main] o.s.b.w.s.ServletRegistrationBean - Mapping servlet: 'dispatcherServlet' to [/]
2018-03-21 10:53:33.976 cms-boot INFO  [main] o.s.b.w.s.FilterRegistrationBean - Mapping filter: 'metricsFilter' to: [/*]
2018-03-21 10:53:33.978 cms-boot INFO  [main] o.s.b.w.s.FilterRegistrationBean - Mapping filter: 'characterEncodingFilter' to: [/*]
2018-03-21 10:53:33.979 cms-boot INFO  [main] o.s.b.w.s.FilterRegistrationBean - Mapping filter: 'hiddenHttpMethodFilter' to: [/*]
2018-03-21 10:53:33.979 cms-boot INFO  [main] o.s.b.w.s.FilterRegistrationBean - Mapping filter: 'httpPutFormContentFilter' to: [/*]
2018-03-21 10:53:33.980 cms-boot INFO  [main] o.s.b.w.s.FilterRegistrationBean - Mapping filter: 'requestContextFilter' to: [/*]
2018-03-21 10:53:33.981 cms-boot INFO  [main] o.s.b.w.s.FilterRegistrationBean - Mapping filter: 'webRequestLoggingFilter' to: [/*]
2018-03-21 10:53:33.981 cms-boot INFO  [main] o.s.b.w.s.FilterRegistrationBean - Mapping filter: 'applicationContextIdFilter' to: [/*]
2018-03-21 10:53:34.107 cms-boot INFO  [main] o.s.c.a.AnnotationConfigApplicationContext - Refreshing org.springframework.context.annotation.AnnotationConfigApplicationContext@5149d738: startup date [Wed Mar 21 10:53:34 CST 2018]; parent: org.springframework.boot.context.embedded.AnnotationConfigEmbeddedWebApplicationContext@335eadca
2018-03-21 10:53:34.146 cms-boot INFO  [main] o.s.b.f.a.AutowiredAnnotationBeanPostProcessor - JSR-330 'javax.inject.Inject' annotation found and supported for autowiring
2018-03-21 10:53:34.652 cms-boot INFO  [main] o.s.c.a.AnnotationConfigApplicationContext - Refreshing org.springframework.context.annotation.AnnotationConfigApplicationContext@41330d4f: startup date [Wed Mar 21 10:53:34 CST 2018]; parent: org.springframework.boot.context.embedded.AnnotationConfigEmbeddedWebApplicationContext@335eadca
2018-03-21 10:53:34.685 cms-boot INFO  [main] o.s.b.f.a.AutowiredAnnotationBeanPostProcessor - JSR-330 'javax.inject.Inject' annotation found and supported for autowiring
2018-03-21 10:53:34.810 cms-boot INFO  [main] o.s.c.a.AnnotationConfigApplicationContext - Refreshing org.springframework.context.annotation.AnnotationConfigApplicationContext@e3b3b2f: startup date [Wed Mar 21 10:53:34 CST 2018]; parent: org.springframework.boot.context.embedded.AnnotationConfigEmbeddedWebApplicationContext@335eadca
2018-03-21 10:53:34.837 cms-boot INFO  [main] o.s.b.f.a.AutowiredAnnotationBeanPostProcessor - JSR-330 'javax.inject.Inject' annotation found and supported for autowiring
2018-03-21 10:53:35.982 cms-boot INFO  [main] o.s.w.s.m.m.a.RequestMappingHandlerAdapter - Looking for @ControllerAdvice: org.springframework.boot.context.embedded.AnnotationConfigEmbeddedWebApplicationContext@335eadca: startup date [Wed Mar 21 10:53:30 CST 2018]; parent: org.springframework.context.annotation.AnnotationConfigApplicationContext@73a8dfcc
2018-03-21 10:53:36.299 cms-boot INFO  [main] o.s.w.s.m.m.a.RequestMappingHandlerMapping - Mapped "{[/tencent/getRecharge],methods=[POST]}" onto public com.cupdata.commons.vo.BaseResponse<com.cupdata.commons.vo.recharge.RechargeRes> com.cupdata.tencent.controller.TencentController.recharge(java.lang.String,com.cupdata.commons.vo.recharge.RechargeReq,javax.servlet.http.HttpServletRequest,javax.servlet.http.HttpServletResponse)
2018-03-21 10:53:36.309 cms-boot INFO  [main] o.s.w.s.m.m.a.RequestMappingHandlerMapping - Mapped "{[/cache/getSupplier/{supplierNo}],methods=[GET]}" onto public abstract com.cupdata.commons.vo.BaseResponse<com.cupdata.commons.vo.orgsupplier.SupplierInfVo> com.cupdata.commons.api.cache.ICacheController.getSupplier(java.lang.String)
2018-03-21 10:53:36.310 cms-boot INFO  [main] o.s.w.s.m.m.a.RequestMappingHandlerMapping - Mapped "{[/cache/getSysConfig/{bankCode}/{paraName}],methods=[GET]}" onto public abstract com.cupdata.commons.vo.BaseResponse<com.cupdata.commons.vo.sysconfig.SysConfigVo> com.cupdata.commons.api.cache.ICacheController.getSysConfig(java.lang.String,java.lang.String)
2018-03-21 10:53:36.312 cms-boot INFO  [main] o.s.w.s.m.m.a.RequestMappingHandlerMapping - Mapped "{[/cache/getBankInf/{bankCode}],methods=[GET]}" onto public abstract com.cupdata.commons.vo.BaseResponse<com.cupdata.commons.vo.orgsupplier.BankInfVo> com.cupdata.commons.api.cache.ICacheController.getBankInf(java.lang.String)
2018-03-21 10:53:36.314 cms-boot INFO  [main] o.s.w.s.m.m.a.RequestMappingHandlerMapping - Mapped "{[/cache/getOrgInf/{orgNo}],methods=[GET]}" onto public abstract com.cupdata.commons.vo.BaseResponse<com.cupdata.commons.vo.orgsupplier.OrgInfVo> com.cupdata.commons.api.cache.ICacheController.getOrgInf(java.lang.String)
2018-03-21 10:53:36.335 cms-boot INFO  [main] o.s.w.s.m.m.a.RequestMappingHandlerMapping - Mapped "{[/order/getServiceOrderListByParam/{orderStatus}/{orderSubType}/{supplierFlag}],methods=[GET]}" onto public abstract com.cupdata.commons.vo.BaseResponse<com.cupdata.commons.vo.order.ServiceOrderList> com.cupdata.commons.api.order.IOrderController.getServiceOrderListByParam(java.lang.Character,java.lang.String,java.lang.String)
2018-03-21 10:53:36.337 cms-boot INFO  [main] o.s.w.s.m.m.a.RequestMappingHandlerMapping - Mapped "{[/order/updateVoucherOrder],methods=[POST]}" onto public abstract com.cupdata.commons.vo.BaseResponse<com.cupdata.commons.vo.product.VoucherOrderVo> com.cupdata.commons.api.order.IOrderController.updateVoucherOrder(com.cupdata.commons.vo.product.VoucherOrderVo)
2018-03-21 10:53:36.339 cms-boot INFO  [main] o.s.w.s.m.m.a.RequestMappingHandlerMapping - Mapped "{[/order/getVoucherOrderByVoucher/{sup}/{supplierOrderNo}/{voucherCode}],methods=[GET]}" onto public abstract com.cupdata.commons.vo.BaseResponse<com.cupdata.commons.vo.product.VoucherOrderVo> com.cupdata.commons.api.order.IOrderController.getVoucherOrderByVoucher(java.lang.String,java.lang.String,java.lang.String)
2018-03-21 10:53:36.340 cms-boot INFO  [main] o.s.w.s.m.m.a.RequestMappingHandlerMapping - Mapped "{[/order/createVoucherOrder],methods=[POST]}" onto public abstract com.cupdata.commons.vo.BaseResponse<com.cupdata.commons.vo.product.VoucherOrderVo> com.cupdata.commons.api.order.IOrderController.createVoucherOrder(com.cupdata.commons.vo.voucher.CreateVoucherOrderVo)
2018-03-21 10:53:36.341 cms-boot INFO  [main] o.s.w.s.m.m.a.RequestMappingHandlerMapping - Mapped "{[/order/createContentOrder],methods=[POST]}" onto public abstract com.cupdata.commons.vo.BaseResponse com.cupdata.commons.api.order.IOrderController.createContentOrder()
2018-03-21 10:53:36.342 cms-boot INFO  [main] o.s.w.s.m.m.a.RequestMappingHandlerMapping - Mapped "{[/order/queryContentOrder],methods=[POST]}" onto public abstract com.cupdata.commons.vo.BaseResponse<com.cupdata.commons.vo.content.ContentQueryOrderRes> com.cupdata.commons.api.order.IOrderController.queryContentOrder(com.cupdata.commons.vo.content.ContentQueryOrderReq)
2018-03-21 10:53:36.343 cms-boot INFO  [main] o.s.w.s.m.m.a.RequestMappingHandlerMapping - Mapped "{[/order/updateContentOrder],methods=[POST]}" onto public abstract com.cupdata.commons.vo.BaseResponse com.cupdata.commons.api.order.IOrderController.updateContentOrder()
2018-03-21 10:53:36.343 cms-boot INFO  [main] o.s.w.s.m.m.a.RequestMappingHandlerMapping - Mapped "{[/order/getVoucherOrderByOrderNo/{orderNo}],methods=[GET]}" onto public abstract com.cupdata.commons.vo.BaseResponse<com.cupdata.commons.vo.product.VoucherOrderVo> com.cupdata.commons.api.order.IOrderController.getVoucherOrderByOrderNo(java.lang.String)
2018-03-21 10:53:36.345 cms-boot INFO  [main] o.s.w.s.m.m.a.RequestMappingHandlerMapping - Mapped "{[/order/getRechargeOrderByOrderNo/{orderNo}],methods=[GET]}" onto public abstract com.cupdata.commons.vo.BaseResponse<com.cupdata.commons.vo.product.RechargeOrderVo> com.cupdata.commons.api.order.IOrderController.getRechargeOrderByOrderNo(java.lang.String)
2018-03-21 10:53:36.348 cms-boot INFO  [main] o.s.w.s.m.m.a.RequestMappingHandlerMapping - Mapped "{[/order/updateServiceOrder],methods=[POST]}" onto public abstract java.lang.Integer com.cupdata.commons.api.order.IOrderController.updateServiceOrder(com.cupdata.commons.model.ServiceOrder)
2018-03-21 10:53:36.349 cms-boot INFO  [main] o.s.w.s.m.m.a.RequestMappingHandlerMapping - Mapped "{[/order/selectMainOrderList/{orderStatus}/{supplierFlag}/{orderSubType}],methods=[GET]}" onto public abstract java.util.List<com.cupdata.commons.model.ServiceOrder> com.cupdata.commons.api.order.IOrderController.selectMainOrderList(java.lang.Character,java.lang.String,java.lang.String)
2018-03-21 10:53:36.352 cms-boot INFO  [main] o.s.w.s.m.m.a.RequestMappingHandlerMapping - Mapped "{[/order/updateRechargeOrder],methods=[POST]}" onto public abstract com.cupdata.commons.vo.BaseResponse<com.cupdata.commons.vo.product.RechargeOrderVo> com.cupdata.commons.api.order.IOrderController.updateRechargeOrder(com.cupdata.commons.vo.product.RechargeOrderVo)
2018-03-21 10:53:36.354 cms-boot INFO  [main] o.s.w.s.m.m.a.RequestMappingHandlerMapping - Mapped "{[/order/createRechargeOrder],methods=[POST]}" onto public abstract com.cupdata.commons.vo.BaseResponse<com.cupdata.commons.vo.product.RechargeOrderVo> com.cupdata.commons.api.order.IOrderController.createRechargeOrder(com.cupdata.commons.vo.recharge.CreateRechargeOrderVo)
2018-03-21 10:53:36.356 cms-boot INFO  [main] o.s.w.s.m.m.a.RequestMappingHandlerMapping - Mapped "{[/order/getVoucherOrder/{orgNo}/{orgOrderNo}],methods=[GET]}" onto public abstract com.cupdata.commons.vo.BaseResponse<com.cupdata.commons.vo.product.VoucherOrderVo> com.cupdata.commons.api.order.IOrderController.getVoucherOrderByOrgNoAndOrgOrderNo(java.lang.String,java.lang.String)
2018-03-21 10:53:36.359 cms-boot INFO  [main] o.s.w.s.m.m.a.RequestMappingHandlerMapping - Mapped "{[/order/getRechargeOrder/{orgNo}/{orgOrderNo}],methods=[GET]}" onto public abstract com.cupdata.commons.vo.BaseResponse<com.cupdata.commons.vo.product.RechargeOrderVo> com.cupdata.commons.api.order.IOrderController.getRechargeOrderByOrgNoAndOrgOrderNo(java.lang.String,java.lang.String)
2018-03-21 10:53:36.362 cms-boot INFO  [main] o.s.w.s.m.m.a.RequestMappingHandlerMapping - Mapped "{[/error]}" onto public org.springframework.http.ResponseEntity<java.util.Map<java.lang.String, java.lang.Object>> org.springframework.boot.autoconfigure.web.BasicErrorController.error(javax.servlet.http.HttpServletRequest)
2018-03-21 10:53:36.365 cms-boot INFO  [main] o.s.w.s.m.m.a.RequestMappingHandlerMapping - Mapped "{[/error],produces=[text/html]}" onto public org.springframework.web.servlet.ModelAndView org.springframework.boot.autoconfigure.web.BasicErrorController.errorHtml(javax.servlet.http.HttpServletRequest,javax.servlet.http.HttpServletResponse)
2018-03-21 10:53:36.465 cms-boot INFO  [main] o.s.w.s.h.SimpleUrlHandlerMapping - Mapped URL path [/webjars/**] onto handler of type [class org.springframework.web.servlet.resource.ResourceHttpRequestHandler]
2018-03-21 10:53:36.466 cms-boot INFO  [main] o.s.w.s.h.SimpleUrlHandlerMapping - Mapped URL path [/**] onto handler of type [class org.springframework.web.servlet.resource.ResourceHttpRequestHandler]
2018-03-21 10:53:36.522 cms-boot INFO  [main] o.s.w.s.m.m.a.ExceptionHandlerExceptionResolver - Detected @ExceptionHandler methods in com.cupdata.commons.exception.GlobalExceptionHandler
2018-03-21 10:53:36.592 cms-boot INFO  [main] o.s.w.s.h.SimpleUrlHandlerMapping - Mapped URL path [/**/favicon.ico] onto handler of type [class org.springframework.web.servlet.resource.ResourceHttpRequestHandler]
2018-03-21 10:53:37.991 cms-boot INFO  [main] o.s.b.a.e.mvc.EndpointHandlerMapping - Mapped "{[/features || /features.json],methods=[GET],produces=[application/vnd.spring-boot.actuator.v1+json || application/json]}" onto public java.lang.Object org.springframework.boot.actuate.endpoint.mvc.EndpointMvcAdapter.invoke()
2018-03-21 10:53:37.993 cms-boot INFO  [main] o.s.b.a.e.mvc.EndpointHandlerMapping - Mapped "{[/pause || /pause.json],methods=[POST]}" onto public java.lang.Object org.springframework.cloud.endpoint.GenericPostableMvcEndpoint.invoke()
2018-03-21 10:53:37.997 cms-boot INFO  [main] o.s.b.a.e.mvc.EndpointHandlerMapping - Mapped "{[/loggers/{name:.*}],methods=[GET],produces=[application/vnd.spring-boot.actuator.v1+json || application/json]}" onto public java.lang.Object org.springframework.boot.actuate.endpoint.mvc.LoggersMvcEndpoint.get(java.lang.String)
2018-03-21 10:53:37.998 cms-boot INFO  [main] o.s.b.a.e.mvc.EndpointHandlerMapping - Mapped "{[/loggers/{name:.*}],methods=[POST],consumes=[application/vnd.spring-boot.actuator.v1+json || application/json],produces=[application/vnd.spring-boot.actuator.v1+json || application/json]}" onto public java.lang.Object org.springframework.boot.actuate.endpoint.mvc.LoggersMvcEndpoint.set(java.lang.String,java.util.Map<java.lang.String, java.lang.String>)
2018-03-21 10:53:37.999 cms-boot INFO  [main] o.s.b.a.e.mvc.EndpointHandlerMapping - Mapped "{[/loggers || /loggers.json],methods=[GET],produces=[application/vnd.spring-boot.actuator.v1+json || application/json]}" onto public java.lang.Object org.springframework.boot.actuate.endpoint.mvc.EndpointMvcAdapter.invoke()
2018-03-21 10:53:38.001 cms-boot INFO  [main] o.s.b.a.e.mvc.EndpointHandlerMapping - Mapped "{[/auditevents || /auditevents.json],methods=[GET],produces=[application/vnd.spring-boot.actuator.v1+json || application/json]}" onto public org.springframework.http.ResponseEntity<?> org.springframework.boot.actuate.endpoint.mvc.AuditEventsMvcEndpoint.findByPrincipalAndAfterAndType(java.lang.String,java.util.Date,java.lang.String)
2018-03-21 10:53:38.003 cms-boot INFO  [main] o.s.b.a.e.mvc.EndpointHandlerMapping - Mapped "{[/trace || /trace.json],methods=[GET],produces=[application/vnd.spring-boot.actuator.v1+json || application/json]}" onto public java.lang.Object org.springframework.boot.actuate.endpoint.mvc.EndpointMvcAdapter.invoke()
2018-03-21 10:53:38.006 cms-boot INFO  [main] o.s.b.a.e.mvc.EndpointHandlerMapping - Mapped "{[/resume || /resume.json],methods=[POST]}" onto public java.lang.Object org.springframework.cloud.endpoint.GenericPostableMvcEndpoint.invoke()
2018-03-21 10:53:38.008 cms-boot INFO  [main] o.s.b.a.e.mvc.EndpointHandlerMapping - Mapped "{[/archaius || /archaius.json],methods=[GET],produces=[application/vnd.spring-boot.actuator.v1+json || application/json]}" onto public java.lang.Object org.springframework.boot.actuate.endpoint.mvc.EndpointMvcAdapter.invoke()
2018-03-21 10:53:38.009 cms-boot INFO  [main] o.s.b.a.e.mvc.EndpointHandlerMapping - Mapped "{[/metrics/{name:.*}],methods=[GET],produces=[application/vnd.spring-boot.actuator.v1+json || application/json]}" onto public java.lang.Object org.springframework.boot.actuate.endpoint.mvc.MetricsMvcEndpoint.value(java.lang.String)
2018-03-21 10:53:38.010 cms-boot INFO  [main] o.s.b.a.e.mvc.EndpointHandlerMapping - Mapped "{[/metrics || /metrics.json],methods=[GET],produces=[application/vnd.spring-boot.actuator.v1+json || application/json]}" onto public java.lang.Object org.springframework.boot.actuate.endpoint.mvc.EndpointMvcAdapter.invoke()
2018-03-21 10:53:38.011 cms-boot INFO  [main] o.s.b.a.e.mvc.EndpointHandlerMapping - Mapped "{[/refresh || /refresh.json],methods=[POST]}" onto public java.lang.Object org.springframework.cloud.endpoint.GenericPostableMvcEndpoint.invoke()
2018-03-21 10:53:38.012 cms-boot INFO  [main] o.s.b.a.e.mvc.EndpointHandlerMapping - Mapped "{[/mappings || /mappings.json],methods=[GET],produces=[application/vnd.spring-boot.actuator.v1+json || application/json]}" onto public java.lang.Object org.springframework.boot.actuate.endpoint.mvc.EndpointMvcAdapter.invoke()
2018-03-21 10:53:38.017 cms-boot INFO  [main] o.s.b.a.e.mvc.EndpointHandlerMapping - Mapped "{[/service-registry/instance-status],methods=[GET]}" onto public org.springframework.http.ResponseEntity org.springframework.cloud.client.serviceregistry.endpoint.ServiceRegistryEndpoint.getStatus()
2018-03-21 10:53:38.018 cms-boot INFO  [main] o.s.b.a.e.mvc.EndpointHandlerMapping - Mapped "{[/service-registry/instance-status],methods=[POST]}" onto public org.springframework.http.ResponseEntity<?> org.springframework.cloud.client.serviceregistry.endpoint.ServiceRegistryEndpoint.setStatus(java.lang.String)
2018-03-21 10:53:38.020 cms-boot INFO  [main] o.s.b.a.e.mvc.EndpointHandlerMapping - Mapped "{[/heapdump || /heapdump.json],methods=[GET],produces=[application/octet-stream]}" onto public void org.springframework.boot.actuate.endpoint.mvc.HeapdumpMvcEndpoint.invoke(boolean,javax.servlet.http.HttpServletRequest,javax.servlet.http.HttpServletResponse) throws java.io.IOException,javax.servlet.ServletException
2018-03-21 10:53:38.021 cms-boot INFO  [main] o.s.b.a.e.mvc.EndpointHandlerMapping - Mapped "{[/info || /info.json],methods=[GET],produces=[application/vnd.spring-boot.actuator.v1+json || application/json]}" onto public java.lang.Object org.springframework.boot.actuate.endpoint.mvc.EndpointMvcAdapter.invoke()
2018-03-21 10:53:38.024 cms-boot INFO  [main] o.s.b.a.e.mvc.EndpointHandlerMapping - Mapped "{[/env],methods=[POST]}" onto public java.lang.Object org.springframework.cloud.context.environment.EnvironmentManagerMvcEndpoint.value(java.util.Map<java.lang.String, java.lang.String>)
2018-03-21 10:53:38.027 cms-boot INFO  [main] o.s.b.a.e.mvc.EndpointHandlerMapping - Mapped "{[/env/reset],methods=[POST]}" onto public java.util.Map<java.lang.String, java.lang.Object> org.springframework.cloud.context.environment.EnvironmentManagerMvcEndpoint.reset()
2018-03-21 10:53:38.028 cms-boot INFO  [main] o.s.b.a.e.mvc.EndpointHandlerMapping - Mapped "{[/configprops || /configprops.json],methods=[GET],produces=[application/vnd.spring-boot.actuator.v1+json || application/json]}" onto public java.lang.Object org.springframework.boot.actuate.endpoint.mvc.EndpointMvcAdapter.invoke()
2018-03-21 10:53:38.030 cms-boot INFO  [main] o.s.b.a.e.mvc.EndpointHandlerMapping - Mapped "{[/restart || /restart.json],methods=[POST]}" onto public java.lang.Object org.springframework.cloud.context.restart.RestartMvcEndpoint.invoke()
2018-03-21 10:53:38.032 cms-boot INFO  [main] o.s.b.a.e.mvc.EndpointHandlerMapping - Mapped "{[/env/{name:.*}],methods=[GET],produces=[application/vnd.spring-boot.actuator.v1+json || application/json]}" onto public java.lang.Object org.springframework.boot.actuate.endpoint.mvc.EnvironmentMvcEndpoint.value(java.lang.String)
2018-03-21 10:53:38.034 cms-boot INFO  [main] o.s.b.a.e.mvc.EndpointHandlerMapping - Mapped "{[/env || /env.json],methods=[GET],produces=[application/vnd.spring-boot.actuator.v1+json || application/json]}" onto public java.lang.Object org.springframework.boot.actuate.endpoint.mvc.EndpointMvcAdapter.invoke()
2018-03-21 10:53:38.036 cms-boot INFO  [main] o.s.b.a.e.mvc.EndpointHandlerMapping - Mapped "{[/health || /health.json],methods=[GET],produces=[application/vnd.spring-boot.actuator.v1+json || application/json]}" onto public java.lang.Object org.springframework.boot.actuate.endpoint.mvc.HealthMvcEndpoint.invoke(javax.servlet.http.HttpServletRequest,java.security.Principal)
2018-03-21 10:53:38.038 cms-boot INFO  [main] o.s.b.a.e.mvc.EndpointHandlerMapping - Mapped "{[/dump || /dump.json],methods=[GET],produces=[application/vnd.spring-boot.actuator.v1+json || application/json]}" onto public java.lang.Object org.springframework.boot.actuate.endpoint.mvc.EndpointMvcAdapter.invoke()
2018-03-21 10:53:38.040 cms-boot INFO  [main] o.s.b.a.e.mvc.EndpointHandlerMapping - Mapped "{[/autoconfig || /autoconfig.json],methods=[GET],produces=[application/vnd.spring-boot.actuator.v1+json || application/json]}" onto public java.lang.Object org.springframework.boot.actuate.endpoint.mvc.EndpointMvcAdapter.invoke()
2018-03-21 10:53:38.041 cms-boot INFO  [main] o.s.b.a.e.mvc.EndpointHandlerMapping - Mapped "{[/beans || /beans.json],methods=[GET],produces=[application/vnd.spring-boot.actuator.v1+json || application/json]}" onto public java.lang.Object org.springframework.boot.actuate.endpoint.mvc.EndpointMvcAdapter.invoke()
2018-03-21 10:53:38.332 cms-boot INFO  [main] c.n.c.sources.URLConfigurationSource - To enable URLs as dynamic configuration sources, define System property archaius.configurationSource.additionalUrls or make config.properties available on classpath.
2018-03-21 10:53:38.349 cms-boot INFO  [main] c.n.c.sources.URLConfigurationSource - To enable URLs as dynamic configuration sources, define System property archaius.configurationSource.additionalUrls or make config.properties available on classpath.
2018-03-21 10:53:38.442 cms-boot INFO  [main] o.s.j.e.a.AnnotationMBeanExporter - Registering beans for JMX exposure on startup
2018-03-21 10:53:38.457 cms-boot INFO  [main] o.s.j.e.a.AnnotationMBeanExporter - Bean with name 'environmentManager' has been autodetected for JMX exposure
2018-03-21 10:53:38.460 cms-boot INFO  [main] o.s.j.e.a.AnnotationMBeanExporter - Bean with name 'configurationPropertiesRebinder' has been autodetected for JMX exposure
2018-03-21 10:53:38.463 cms-boot INFO  [main] o.s.j.e.a.AnnotationMBeanExporter - Bean with name 'refreshEndpoint' has been autodetected for JMX exposure
2018-03-21 10:53:38.465 cms-boot INFO  [main] o.s.j.e.a.AnnotationMBeanExporter - Bean with name 'restartEndpoint' has been autodetected for JMX exposure
2018-03-21 10:53:38.468 cms-boot INFO  [main] o.s.j.e.a.AnnotationMBeanExporter - Bean with name 'serviceRegistryEndpoint' has been autodetected for JMX exposure
2018-03-21 10:53:38.470 cms-boot INFO  [main] o.s.j.e.a.AnnotationMBeanExporter - Bean with name 'refreshScope' has been autodetected for JMX exposure
2018-03-21 10:53:38.474 cms-boot INFO  [main] o.s.j.e.a.AnnotationMBeanExporter - Located managed bean 'environmentManager': registering with JMX server as MBean [org.springframework.cloud.context.environment:name=environmentManager,type=EnvironmentManager]
2018-03-21 10:53:38.496 cms-boot INFO  [main] o.s.j.e.a.AnnotationMBeanExporter - Located managed bean 'restartEndpoint': registering with JMX server as MBean [org.springframework.cloud.context.restart:name=restartEndpoint,type=RestartEndpoint]
2018-03-21 10:53:38.519 cms-boot INFO  [main] o.s.j.e.a.AnnotationMBeanExporter - Located managed bean 'serviceRegistryEndpoint': registering with JMX server as MBean [org.springframework.cloud.client.serviceregistry.endpoint:name=serviceRegistryEndpoint,type=ServiceRegistryEndpoint]
2018-03-21 10:53:38.529 cms-boot INFO  [main] o.s.j.e.a.AnnotationMBeanExporter - Located managed bean 'refreshScope': registering with JMX server as MBean [org.springframework.cloud.context.scope.refresh:name=refreshScope,type=RefreshScope]
2018-03-21 10:53:38.551 cms-boot INFO  [main] o.s.j.e.a.AnnotationMBeanExporter - Located managed bean 'configurationPropertiesRebinder': registering with JMX server as MBean [org.springframework.cloud.context.properties:name=configurationPropertiesRebinder,context=335eadca,type=ConfigurationPropertiesRebinder]
2018-03-21 10:53:38.560 cms-boot INFO  [main] o.s.j.e.a.AnnotationMBeanExporter - Located managed bean 'refreshEndpoint': registering with JMX server as MBean [org.springframework.cloud.endpoint:name=refreshEndpoint,type=RefreshEndpoint]
2018-03-21 10:53:38.562 cms-boot INFO  [main] o.s.b.a.e.jmx.EndpointMBeanExporter - Registering beans for JMX exposure on startup
2018-03-21 10:53:38.772 cms-boot INFO  [main] o.s.c.s.DefaultLifecycleProcessor - Starting beans in phase 0
2018-03-21 10:53:38.789 cms-boot INFO  [main] o.s.c.n.eureka.InstanceInfoFactory - Setting initial instance status as: STARTING
2018-03-21 10:53:38.872 cms-boot INFO  [main] c.netflix.discovery.DiscoveryClient - Initializing Eureka in region us-east-1
2018-03-21 10:53:39.191 cms-boot INFO  [main] c.n.d.p.DiscoveryJerseyProvider - Using JSON encoding codec LegacyJacksonJson
2018-03-21 10:53:39.191 cms-boot INFO  [main] c.n.d.p.DiscoveryJerseyProvider - Using JSON decoding codec LegacyJacksonJson
2018-03-21 10:53:39.546 cms-boot INFO  [main] c.n.d.p.DiscoveryJerseyProvider - Using XML encoding codec XStreamXml
2018-03-21 10:53:39.546 cms-boot INFO  [main] c.n.d.p.DiscoveryJerseyProvider - Using XML decoding codec XStreamXml
2018-03-21 10:53:40.213 cms-boot INFO  [main] c.n.d.s.r.aws.ConfigClusterResolver - Resolving eureka endpoints via configuration
2018-03-21 10:53:40.337 cms-boot INFO  [main] c.netflix.discovery.DiscoveryClient - Disable delta property : false
2018-03-21 10:53:40.338 cms-boot INFO  [main] c.netflix.discovery.DiscoveryClient - Single vip registry refresh property : null
2018-03-21 10:53:40.339 cms-boot INFO  [main] c.netflix.discovery.DiscoveryClient - Force full registry fetch : false
2018-03-21 10:53:40.340 cms-boot INFO  [main] c.netflix.discovery.DiscoveryClient - Application is null : false
2018-03-21 10:53:40.341 cms-boot INFO  [main] c.netflix.discovery.DiscoveryClient - Registered Applications size is zero : true
2018-03-21 10:53:40.342 cms-boot INFO  [main] c.netflix.discovery.DiscoveryClient - Application version is -1: true
2018-03-21 10:53:40.346 cms-boot INFO  [main] c.netflix.discovery.DiscoveryClient - Getting all instance registry info from the eureka server
2018-03-21 10:53:40.754 cms-boot INFO  [main] c.netflix.discovery.DiscoveryClient - The response status is 200
2018-03-21 10:53:40.757 cms-boot INFO  [main] c.netflix.discovery.DiscoveryClient - Starting heartbeat executor: renew interval is: 20
2018-03-21 10:53:40.763 cms-boot INFO  [main] c.n.discovery.InstanceInfoReplicator - InstanceInfoReplicator onDemand update allowed rate per min is 4
2018-03-21 10:53:40.770 cms-boot INFO  [main] c.netflix.discovery.DiscoveryClient - Discovery Client initialized at timestamp 1521600820769 with initial instances count: 4
2018-03-21 10:53:40.817 cms-boot INFO  [main] o.s.c.n.e.s.EurekaServiceRegistry - Registering application tencent-service with eureka with status UP
2018-03-21 10:53:40.819 cms-boot INFO  [main] c.netflix.discovery.DiscoveryClient - Saw local status change event StatusChangeEvent [timestamp=1521600820819, current=UP, previous=STARTING]
2018-03-21 10:53:40.826 cms-boot INFO  [DiscoveryClient-InstanceInfoReplicator-0] c.netflix.discovery.DiscoveryClient - DiscoveryClient_TENCENT-SERVICE/DESKTOP-POVV49G:tencent-service:46982: registering service...
2018-03-21 10:53:40.826 cms-boot INFO  [main] o.s.b.a.e.jmx.EndpointMBeanExporter - Located managed bean 'auditEventsEndpoint': registering with JMX server as MBean [org.springframework.boot:type=Endpoint,name=auditEventsEndpoint]
2018-03-21 10:53:40.846 cms-boot INFO  [main] o.s.b.a.e.jmx.EndpointMBeanExporter - Located managed bean 'featuresEndpoint': registering with JMX server as MBean [org.springframework.boot:type=Endpoint,name=featuresEndpoint]
2018-03-21 10:53:40.874 cms-boot INFO  [main] o.s.b.a.e.jmx.EndpointMBeanExporter - Located managed bean 'requestMappingEndpoint': registering with JMX server as MBean [org.springframework.boot:type=Endpoint,name=requestMappingEndpoint]
2018-03-21 10:53:40.884 cms-boot INFO  [main] o.s.b.a.e.jmx.EndpointMBeanExporter - Located managed bean 'environmentEndpoint': registering with JMX server as MBean [org.springframework.boot:type=Endpoint,name=environmentEndpoint]
2018-03-21 10:53:40.888 cms-boot INFO  [main] o.s.b.a.e.jmx.EndpointMBeanExporter - Located managed bean 'healthEndpoint': registering with JMX server as MBean [org.springframework.boot:type=Endpoint,name=healthEndpoint]
2018-03-21 10:53:40.893 cms-boot INFO  [main] o.s.b.a.e.jmx.EndpointMBeanExporter - Located managed bean 'beansEndpoint': registering with JMX server as MBean [org.springframework.boot:type=Endpoint,name=beansEndpoint]
2018-03-21 10:53:40.899 cms-boot INFO  [main] o.s.b.a.e.jmx.EndpointMBeanExporter - Located managed bean 'infoEndpoint': registering with JMX server as MBean [org.springframework.boot:type=Endpoint,name=infoEndpoint]
2018-03-21 10:53:40.909 cms-boot INFO  [DiscoveryClient-InstanceInfoReplicator-0] c.netflix.discovery.DiscoveryClient - DiscoveryClient_TENCENT-SERVICE/DESKTOP-POVV49G:tencent-service:46982 - registration status: 204
2018-03-21 10:53:40.912 cms-boot INFO  [main] o.s.b.a.e.jmx.EndpointMBeanExporter - Located managed bean 'loggersEndpoint': registering with JMX server as MBean [org.springframework.boot:type=Endpoint,name=loggersEndpoint]
2018-03-21 10:53:40.926 cms-boot INFO  [main] o.s.b.a.e.jmx.EndpointMBeanExporter - Located managed bean 'metricsEndpoint': registering with JMX server as MBean [org.springframework.boot:type=Endpoint,name=metricsEndpoint]
2018-03-21 10:53:40.929 cms-boot INFO  [main] o.s.b.a.e.jmx.EndpointMBeanExporter - Located managed bean 'traceEndpoint': registering with JMX server as MBean [org.springframework.boot:type=Endpoint,name=traceEndpoint]
2018-03-21 10:53:40.933 cms-boot INFO  [main] o.s.b.a.e.jmx.EndpointMBeanExporter - Located managed bean 'dumpEndpoint': registering with JMX server as MBean [org.springframework.boot:type=Endpoint,name=dumpEndpoint]
2018-03-21 10:53:40.939 cms-boot INFO  [main] o.s.b.a.e.jmx.EndpointMBeanExporter - Located managed bean 'autoConfigurationReportEndpoint': registering with JMX server as MBean [org.springframework.boot:type=Endpoint,name=autoConfigurationReportEndpoint]
2018-03-21 10:53:40.943 cms-boot INFO  [main] o.s.b.a.e.jmx.EndpointMBeanExporter - Located managed bean 'configurationPropertiesReportEndpoint': registering with JMX server as MBean [org.springframework.boot:type=Endpoint,name=configurationPropertiesReportEndpoint]
2018-03-21 10:53:40.946 cms-boot INFO  [main] o.s.b.a.e.jmx.EndpointMBeanExporter - Located managed bean 'archaiusEndpoint': registering with JMX server as MBean [org.springframework.boot:type=Endpoint,name=archaiusEndpoint]
2018-03-21 10:53:41.061 cms-boot INFO  [main] o.s.b.c.e.u.UndertowEmbeddedServletContainer - Undertow started on port(s) 46982 (http)
2018-03-21 10:53:41.063 cms-boot INFO  [main] o.s.c.n.e.s.EurekaAutoServiceRegistration - Updating port to 46982
2018-03-21 10:53:41.070 cms-boot INFO  [main] c.c.t.TencentServiceApplication - Started TencentServiceApplication in 13.533 seconds (JVM running for 14.457)
2018-03-21 10:58:40.364 cms-boot INFO  [AsyncResolver-bootstrap-executor-0] c.n.d.s.r.aws.ConfigClusterResolver - Resolving eureka endpoints via configuration
2018-03-21 11:03:40.367 cms-boot INFO  [AsyncResolver-bootstrap-executor-0] c.n.d.s.r.aws.ConfigClusterResolver - Resolving eureka endpoints via configuration
2018-03-21 11:08:40.368 cms-boot INFO  [AsyncResolver-bootstrap-executor-0] c.n.d.s.r.aws.ConfigClusterResolver - Resolving eureka endpoints via configuration
2018-03-21 11:13:40.369 cms-boot INFO  [AsyncResolver-bootstrap-executor-0] c.n.d.s.r.aws.ConfigClusterResolver - Resolving eureka endpoints via configuration
2018-03-21 11:18:40.370 cms-boot INFO  [AsyncResolver-bootstrap-executor-0] c.n.d.s.r.aws.ConfigClusterResolver - Resolving eureka endpoints via configuration
2018-03-21 11:23:40.371 cms-boot INFO  [AsyncResolver-bootstrap-executor-0] c.n.d.s.r.aws.ConfigClusterResolver - Resolving eureka endpoints via configuration
2018-03-21 11:28:40.371 cms-boot INFO  [AsyncResolver-bootstrap-executor-0] c.n.d.s.r.aws.ConfigClusterResolver - Resolving eureka endpoints via configuration
2018-03-21 11:33:40.374 cms-boot INFO  [AsyncResolver-bootstrap-executor-0] c.n.d.s.r.aws.ConfigClusterResolver - Resolving eureka endpoints via configuration
2018-03-21 11:38:40.376 cms-boot INFO  [AsyncResolver-bootstrap-executor-0] c.n.d.s.r.aws.ConfigClusterResolver - Resolving eureka endpoints via configuration
2018-03-21 11:43:40.377 cms-boot INFO  [AsyncResolver-bootstrap-executor-0] c.n.d.s.r.aws.ConfigClusterResolver - Resolving eureka endpoints via configuration
2018-03-21 11:48:40.379 cms-boot INFO  [AsyncResolver-bootstrap-executor-0] c.n.d.s.r.aws.ConfigClusterResolver - Resolving eureka endpoints via configuration
2018-03-21 11:53:40.381 cms-boot INFO  [AsyncResolver-bootstrap-executor-0] c.n.d.s.r.aws.ConfigClusterResolver - Resolving eureka endpoints via configuration
2018-03-21 11:58:40.382 cms-boot INFO  [AsyncResolver-bootstrap-executor-0] c.n.d.s.r.aws.ConfigClusterResolver - Resolving eureka endpoints via configuration
2018-03-21 12:03:40.383 cms-boot INFO  [AsyncResolver-bootstrap-executor-0] c.n.d.s.r.aws.ConfigClusterResolver - Resolving eureka endpoints via configuration
2018-03-21 12:08:40.383 cms-boot INFO  [AsyncResolver-bootstrap-executor-0] c.n.d.s.r.aws.ConfigClusterResolver - Resolving eureka endpoints via configuration
2018-03-21 12:13:40.384 cms-boot INFO  [AsyncResolver-bootstrap-executor-0] c.n.d.s.r.aws.ConfigClusterResolver - Resolving eureka endpoints via configuration
2018-03-21 12:18:40.385 cms-boot INFO  [AsyncResolver-bootstrap-executor-0] c.n.d.s.r.aws.ConfigClusterResolver - Resolving eureka endpoints via configuration
2018-03-21 12:23:40.386 cms-boot INFO  [AsyncResolver-bootstrap-executor-0] c.n.d.s.r.aws.ConfigClusterResolver - Resolving eureka endpoints via configuration
2018-03-21 12:28:40.386 cms-boot INFO  [AsyncResolver-bootstrap-executor-0] c.n.d.s.r.aws.ConfigClusterResolver - Resolving eureka endpoints via configuration
2018-03-21 12:33:40.387 cms-boot INFO  [AsyncResolver-bootstrap-executor-0] c.n.d.s.r.aws.ConfigClusterResolver - Resolving eureka endpoints via configuration
2018-03-21 12:38:40.388 cms-boot INFO  [AsyncResolver-bootstrap-executor-0] c.n.d.s.r.aws.ConfigClusterResolver - Resolving eureka endpoints via configuration
2018-03-21 12:43:40.389 cms-boot INFO  [AsyncResolver-bootstrap-executor-0] c.n.d.s.r.aws.ConfigClusterResolver - Resolving eureka endpoints via configuration
2018-03-21 12:47:52.423 cms-boot INFO  [Thread-5] o.s.b.c.e.AnnotationConfigEmbeddedWebApplicationContext - Closing org.springframework.boot.context.embedded.AnnotationConfigEmbeddedWebApplicationContext@335eadca: startup date [Wed Mar 21 10:53:30 CST 2018]; parent: org.springframework.context.annotation.AnnotationConfigApplicationContext@73a8dfcc
2018-03-21 12:47:52.438 cms-boot INFO  [Thread-5] o.s.c.n.e.s.EurekaServiceRegistry - Unregistering application tencent-service with eureka with status DOWN
2018-03-21 12:47:52.439 cms-boot INFO  [DiscoveryClient-InstanceInfoReplicator-0] c.netflix.discovery.DiscoveryClient - DiscoveryClient_TENCENT-SERVICE/DESKTOP-POVV49G:tencent-service:46982: registering service...
2018-03-21 12:47:52.441 cms-boot INFO  [Thread-5] c.netflix.discovery.DiscoveryClient - Shutting down DiscoveryClient ...
2018-03-21 12:47:52.443 cms-boot INFO  [Thread-5] c.netflix.discovery.DiscoveryClient - Unregistering ...
2018-03-21 14:36:46.015 cms-boot INFO  [main] o.s.c.a.AnnotationConfigApplicationContext - Refreshing org.springframework.context.annotation.AnnotationConfigApplicationContext@73a8dfcc: startup date [Wed Mar 21 14:36:46 CST 2018]; root of context hierarchy
2018-03-21 14:36:46.168 cms-boot INFO  [background-preinit] o.h.validator.internal.util.Version - HV000001: Hibernate Validator 5.3.6.Final
2018-03-21 14:36:46.784 cms-boot INFO  [main] o.s.b.f.a.AutowiredAnnotationBeanPostProcessor - JSR-330 'javax.inject.Inject' annotation found and supported for autowiring
2018-03-21 14:36:46.916 cms-boot INFO  [main] o.s.c.s.PostProcessorRegistrationDelegate$BeanPostProcessorChecker - Bean 'configurationPropertiesRebinderAutoConfiguration' of type [org.springframework.cloud.autoconfigure.ConfigurationPropertiesRebinderAutoConfiguration$$EnhancerBySpringCGLIB$$c5ba62e2] is not eligible for getting processed by all BeanPostProcessors (for example: not eligible for auto-proxying)
2018-03-21 14:36:47.889 cms-boot INFO  [main] c.c.t.TencentServiceApplication - The following profiles are active: dev
2018-03-21 14:36:47.928 cms-boot INFO  [main] o.s.b.c.e.AnnotationConfigEmbeddedWebApplicationContext - Refreshing org.springframework.boot.context.embedded.AnnotationConfigEmbeddedWebApplicationContext@185d8b6: startup date [Wed Mar 21 14:36:47 CST 2018]; parent: org.springframework.context.annotation.AnnotationConfigApplicationContext@73a8dfcc
2018-03-21 14:36:49.967 cms-boot INFO  [main] o.s.cloud.context.scope.GenericScope - BeanFactory id=5cb6ffca-2bd4-3b4b-b0ec-25a7111f3c9d
2018-03-21 14:36:50.016 cms-boot INFO  [main] c.u.j.c.EnableEncryptablePropertiesBeanFactoryPostProcessor - Post-processing PropertySource instances
2018-03-21 14:36:50.102 cms-boot INFO  [main] c.u.j.EncryptablePropertySourceConverter - Converting PropertySource servletConfigInitParams [org.springframework.core.env.PropertySource$StubPropertySource] to EncryptablePropertySourceWrapper
2018-03-21 14:36:50.102 cms-boot INFO  [main] c.u.j.EncryptablePropertySourceConverter - Converting PropertySource servletContextInitParams [org.springframework.core.env.PropertySource$StubPropertySource] to EncryptablePropertySourceWrapper
2018-03-21 14:36:50.103 cms-boot INFO  [main] c.u.j.EncryptablePropertySourceConverter - Converting PropertySource systemProperties [org.springframework.core.env.MapPropertySource] to EncryptableMapPropertySourceWrapper
2018-03-21 14:36:50.103 cms-boot INFO  [main] c.u.j.EncryptablePropertySourceConverter - Converting PropertySource systemEnvironment [org.springframework.core.env.SystemEnvironmentPropertySource] to EncryptableMapPropertySourceWrapper
2018-03-21 14:36:50.103 cms-boot INFO  [main] c.u.j.EncryptablePropertySourceConverter - Converting PropertySource random [org.springframework.boot.context.config.RandomValuePropertySource] to EncryptablePropertySourceWrapper
2018-03-21 14:36:50.104 cms-boot INFO  [main] c.u.j.EncryptablePropertySourceConverter - Converting PropertySource applicationConfig: [classpath:/application.yml]#dev [org.springframework.core.env.MapPropertySource] to EncryptableMapPropertySourceWrapper
2018-03-21 14:36:50.105 cms-boot INFO  [main] c.u.j.EncryptablePropertySourceConverter - Converting PropertySource applicationConfig: [classpath:/application.yml] [org.springframework.core.env.MapPropertySource] to EncryptableMapPropertySourceWrapper
2018-03-21 14:36:50.105 cms-boot INFO  [main] c.u.j.EncryptablePropertySourceConverter - Converting PropertySource springCloudClientHostInfo [org.springframework.core.env.MapPropertySource] to EncryptableMapPropertySourceWrapper
2018-03-21 14:36:50.106 cms-boot INFO  [main] c.u.j.EncryptablePropertySourceConverter - Converting PropertySource defaultProperties [org.springframework.core.env.MapPropertySource] to EncryptableMapPropertySourceWrapper
2018-03-21 14:36:50.130 cms-boot INFO  [main] o.s.b.f.a.AutowiredAnnotationBeanPostProcessor - JSR-330 'javax.inject.Inject' annotation found and supported for autowiring
2018-03-21 14:36:50.196 cms-boot INFO  [main] c.u.j.r.DefaultLazyPropertyResolver - Property Resolver custom Bean not found with name 'encryptablePropertyResolver'. Initializing Default Property Resolver
2018-03-21 14:36:50.206 cms-boot INFO  [main] c.u.j.d.DefaultLazyPropertyDetector - Property Detector custom Bean not found with name 'encryptablePropertyDetector'. Initializing Default Property Detector
2018-03-21 14:36:50.437 cms-boot INFO  [main] o.s.c.s.PostProcessorRegistrationDelegate$BeanPostProcessorChecker - Bean 'org.springframework.cloud.netflix.metrics.MetricsInterceptorConfiguration$MetricsRestTemplateConfiguration' of type [org.springframework.cloud.netflix.metrics.MetricsInterceptorConfiguration$MetricsRestTemplateConfiguration$$EnhancerBySpringCGLIB$$dbcd0626] is not eligible for getting processed by all BeanPostProcessors (for example: not eligible for auto-proxying)
2018-03-21 14:36:50.605 cms-boot INFO  [main] o.s.c.s.PostProcessorRegistrationDelegate$BeanPostProcessorChecker - Bean 'org.springframework.cloud.autoconfigure.ConfigurationPropertiesRebinderAutoConfiguration' of type [org.springframework.cloud.autoconfigure.ConfigurationPropertiesRebinderAutoConfiguration$$EnhancerBySpringCGLIB$$c5ba62e2] is not eligible for getting processed by all BeanPostProcessors (for example: not eligible for auto-proxying)
2018-03-21 14:36:51.002 cms-boot INFO  [main] org.xnio - XNIO version 3.3.8.Final
2018-03-21 14:36:51.026 cms-boot INFO  [main] org.xnio.nio - XNIO NIO Implementation Version 3.3.8.Final
2018-03-21 14:36:51.209 cms-boot INFO  [main] io.undertow.servlet - Initializing Spring embedded WebApplicationContext
2018-03-21 14:36:51.210 cms-boot INFO  [main] o.s.web.context.ContextLoader - Root WebApplicationContext: initialization completed in 3282 ms
2018-03-21 14:36:51.535 cms-boot INFO  [main] o.s.b.w.s.ServletRegistrationBean - Mapping servlet: 'dispatcherServlet' to [/]
2018-03-21 14:36:51.545 cms-boot INFO  [main] o.s.b.w.s.FilterRegistrationBean - Mapping filter: 'metricsFilter' to: [/*]
2018-03-21 14:36:51.548 cms-boot INFO  [main] o.s.b.w.s.FilterRegistrationBean - Mapping filter: 'characterEncodingFilter' to: [/*]
2018-03-21 14:36:51.548 cms-boot INFO  [main] o.s.b.w.s.FilterRegistrationBean - Mapping filter: 'hiddenHttpMethodFilter' to: [/*]
2018-03-21 14:36:51.550 cms-boot INFO  [main] o.s.b.w.s.FilterRegistrationBean - Mapping filter: 'httpPutFormContentFilter' to: [/*]
2018-03-21 14:36:51.551 cms-boot INFO  [main] o.s.b.w.s.FilterRegistrationBean - Mapping filter: 'requestContextFilter' to: [/*]
2018-03-21 14:36:51.552 cms-boot INFO  [main] o.s.b.w.s.FilterRegistrationBean - Mapping filter: 'webRequestLoggingFilter' to: [/*]
2018-03-21 14:36:51.552 cms-boot INFO  [main] o.s.b.w.s.FilterRegistrationBean - Mapping filter: 'applicationContextIdFilter' to: [/*]
2018-03-21 14:36:51.662 cms-boot INFO  [main] o.s.c.a.AnnotationConfigApplicationContext - Refreshing org.springframework.context.annotation.AnnotationConfigApplicationContext@795509d9: startup date [Wed Mar 21 14:36:51 CST 2018]; parent: org.springframework.boot.context.embedded.AnnotationConfigEmbeddedWebApplicationContext@185d8b6
2018-03-21 14:36:51.698 cms-boot INFO  [main] o.s.b.f.a.AutowiredAnnotationBeanPostProcessor - JSR-330 'javax.inject.Inject' annotation found and supported for autowiring
2018-03-21 14:36:52.177 cms-boot INFO  [main] o.s.c.a.AnnotationConfigApplicationContext - Refreshing org.springframework.context.annotation.AnnotationConfigApplicationContext@5a7fe64f: startup date [Wed Mar 21 14:36:52 CST 2018]; parent: org.springframework.boot.context.embedded.AnnotationConfigEmbeddedWebApplicationContext@185d8b6
2018-03-21 14:36:52.209 cms-boot INFO  [main] o.s.b.f.a.AutowiredAnnotationBeanPostProcessor - JSR-330 'javax.inject.Inject' annotation found and supported for autowiring
2018-03-21 14:36:52.342 cms-boot INFO  [main] o.s.c.a.AnnotationConfigApplicationContext - Refreshing org.springframework.context.annotation.AnnotationConfigApplicationContext@3e2055d6: startup date [Wed Mar 21 14:36:52 CST 2018]; parent: org.springframework.boot.context.embedded.AnnotationConfigEmbeddedWebApplicationContext@185d8b6
2018-03-21 14:36:52.373 cms-boot INFO  [main] o.s.b.f.a.AutowiredAnnotationBeanPostProcessor - JSR-330 'javax.inject.Inject' annotation found and supported for autowiring
2018-03-21 14:36:53.343 cms-boot INFO  [main] o.s.w.s.m.m.a.RequestMappingHandlerAdapter - Looking for @ControllerAdvice: org.springframework.boot.context.embedded.AnnotationConfigEmbeddedWebApplicationContext@185d8b6: startup date [Wed Mar 21 14:36:47 CST 2018]; parent: org.springframework.context.annotation.AnnotationConfigApplicationContext@73a8dfcc
2018-03-21 14:36:53.680 cms-boot INFO  [main] o.s.w.s.m.m.a.RequestMappingHandlerMapping - Mapped "{[/tencent/getRecharge],methods=[POST]}" onto public com.cupdata.commons.vo.BaseResponse<com.cupdata.commons.vo.recharge.RechargeRes> com.cupdata.tencent.controller.TencentController.recharge(java.lang.String,com.cupdata.commons.vo.recharge.RechargeReq,javax.servlet.http.HttpServletRequest,javax.servlet.http.HttpServletResponse)
2018-03-21 14:36:53.691 cms-boot INFO  [main] o.s.w.s.m.m.a.RequestMappingHandlerMapping - Mapped "{[/cache/getOrgInf/{orgNo}],methods=[GET]}" onto public abstract com.cupdata.commons.vo.BaseResponse<com.cupdata.commons.vo.orgsupplier.OrgInfVo> com.cupdata.commons.api.cache.ICacheController.getOrgInf(java.lang.String)
2018-03-21 14:36:53.692 cms-boot INFO  [main] o.s.w.s.m.m.a.RequestMappingHandlerMapping - Mapped "{[/cache/getSysConfig/{bankCode}/{paraName}],methods=[GET]}" onto public abstract com.cupdata.commons.vo.BaseResponse<com.cupdata.commons.vo.sysconfig.SysConfigVo> com.cupdata.commons.api.cache.ICacheController.getSysConfig(java.lang.String,java.lang.String)
2018-03-21 14:36:53.693 cms-boot INFO  [main] o.s.w.s.m.m.a.RequestMappingHandlerMapping - Mapped "{[/cache/getSupplier/{supplierNo}],methods=[GET]}" onto public abstract com.cupdata.commons.vo.BaseResponse<com.cupdata.commons.vo.orgsupplier.SupplierInfVo> com.cupdata.commons.api.cache.ICacheController.getSupplier(java.lang.String)
2018-03-21 14:36:53.693 cms-boot INFO  [main] o.s.w.s.m.m.a.RequestMappingHandlerMapping - Mapped "{[/cache/getBankInf/{bankCode}],methods=[GET]}" onto public abstract com.cupdata.commons.vo.BaseResponse<com.cupdata.commons.vo.orgsupplier.BankInfVo> com.cupdata.commons.api.cache.ICacheController.getBankInf(java.lang.String)
2018-03-21 14:36:53.709 cms-boot INFO  [main] o.s.w.s.m.m.a.RequestMappingHandlerMapping - Mapped "{[/order/createRechargeOrder],methods=[POST]}" onto public abstract com.cupdata.commons.vo.BaseResponse<com.cupdata.commons.vo.product.RechargeOrderVo> com.cupdata.commons.api.order.IOrderController.createRechargeOrder(com.cupdata.commons.vo.recharge.CreateRechargeOrderVo)
2018-03-21 14:36:53.711 cms-boot INFO  [main] o.s.w.s.m.m.a.RequestMappingHandlerMapping - Mapped "{[/order/updateRechargeOrder],methods=[POST]}" onto public abstract com.cupdata.commons.vo.BaseResponse<com.cupdata.commons.vo.product.RechargeOrderVo> com.cupdata.commons.api.order.IOrderController.updateRechargeOrder(com.cupdata.commons.vo.product.RechargeOrderVo)
2018-03-21 14:36:53.712 cms-boot INFO  [main] o.s.w.s.m.m.a.RequestMappingHandlerMapping - Mapped "{[/order/getRechargeOrder/{orgNo}/{orgOrderNo}],methods=[GET]}" onto public abstract com.cupdata.commons.vo.BaseResponse<com.cupdata.commons.vo.product.RechargeOrderVo> com.cupdata.commons.api.order.IOrderController.getRechargeOrderByOrgNoAndOrgOrderNo(java.lang.String,java.lang.String)
2018-03-21 14:36:53.713 cms-boot INFO  [main] o.s.w.s.m.m.a.RequestMappingHandlerMapping - Mapped "{[/order/getVoucherOrder/{orgNo}/{orgOrderNo}],methods=[GET]}" onto public abstract com.cupdata.commons.vo.BaseResponse<com.cupdata.commons.vo.product.VoucherOrderVo> com.cupdata.commons.api.order.IOrderController.getVoucherOrderByOrgNoAndOrgOrderNo(java.lang.String,java.lang.String)
2018-03-21 14:36:53.714 cms-boot INFO  [main] o.s.w.s.m.m.a.RequestMappingHandlerMapping - Mapped "{[/order/createVoucherOrder],methods=[POST]}" onto public abstract com.cupdata.commons.vo.BaseResponse<com.cupdata.commons.vo.product.VoucherOrderVo> com.cupdata.commons.api.order.IOrderController.createVoucherOrder(com.cupdata.commons.vo.voucher.CreateVoucherOrderVo)
2018-03-21 14:36:53.715 cms-boot INFO  [main] o.s.w.s.m.m.a.RequestMappingHandlerMapping - Mapped "{[/order/getServiceOrderListByParam/{orderStatus}/{orderSubType}/{supplierFlag}],methods=[GET]}" onto public abstract com.cupdata.commons.vo.BaseResponse<com.cupdata.commons.vo.order.ServiceOrderList> com.cupdata.commons.api.order.IOrderController.getServiceOrderListByParam(java.lang.Character,java.lang.String,java.lang.String)
2018-03-21 14:36:53.716 cms-boot INFO  [main] o.s.w.s.m.m.a.RequestMappingHandlerMapping - Mapped "{[/order/queryContentOrder],methods=[POST]}" onto public abstract com.cupdata.commons.vo.BaseResponse<com.cupdata.commons.vo.content.ContentQueryOrderRes> com.cupdata.commons.api.order.IOrderController.queryContentOrder(com.cupdata.commons.vo.content.ContentQueryOrderReq)
2018-03-21 14:36:53.717 cms-boot INFO  [main] o.s.w.s.m.m.a.RequestMappingHandlerMapping - Mapped "{[/order/updateServiceOrder],methods=[POST]}" onto public abstract java.lang.Integer com.cupdata.commons.api.order.IOrderController.updateServiceOrder(com.cupdata.commons.model.ServiceOrder)
2018-03-21 14:36:53.718 cms-boot INFO  [main] o.s.w.s.m.m.a.RequestMappingHandlerMapping - Mapped "{[/order/createContentOrder],methods=[POST]}" onto public abstract com.cupdata.commons.vo.BaseResponse com.cupdata.commons.api.order.IOrderController.createContentOrder()
2018-03-21 14:36:53.720 cms-boot INFO  [main] o.s.w.s.m.m.a.RequestMappingHandlerMapping - Mapped "{[/order/getVoucherOrderByVoucher/{sup}/{supplierOrderNo}/{voucherCode}],methods=[GET]}" onto public abstract com.cupdata.commons.vo.BaseResponse<com.cupdata.commons.vo.product.VoucherOrderVo> com.cupdata.commons.api.order.IOrderController.getVoucherOrderByVoucher(java.lang.String,java.lang.String,java.lang.String)
2018-03-21 14:36:53.722 cms-boot INFO  [main] o.s.w.s.m.m.a.RequestMappingHandlerMapping - Mapped "{[/order/updateVoucherOrder],methods=[POST]}" onto public abstract com.cupdata.commons.vo.BaseResponse<com.cupdata.commons.vo.product.VoucherOrderVo> com.cupdata.commons.api.order.IOrderController.updateVoucherOrder(com.cupdata.commons.vo.product.VoucherOrderVo)
2018-03-21 14:36:53.723 cms-boot INFO  [main] o.s.w.s.m.m.a.RequestMappingHandlerMapping - Mapped "{[/order/selectMainOrderList/{orderStatus}/{supplierFlag}/{orderSubType}],methods=[GET]}" onto public abstract java.util.List<com.cupdata.commons.model.ServiceOrder> com.cupdata.commons.api.order.IOrderController.selectMainOrderList(java.lang.Character,java.lang.String,java.lang.String)
2018-03-21 14:36:53.724 cms-boot INFO  [main] o.s.w.s.m.m.a.RequestMappingHandlerMapping - Mapped "{[/order/getVoucherOrderByOrderNo/{orderNo}],methods=[GET]}" onto public abstract com.cupdata.commons.vo.BaseResponse<com.cupdata.commons.vo.product.VoucherOrderVo> com.cupdata.commons.api.order.IOrderController.getVoucherOrderByOrderNo(java.lang.String)
2018-03-21 14:36:53.724 cms-boot INFO  [main] o.s.w.s.m.m.a.RequestMappingHandlerMapping - Mapped "{[/order/getRechargeOrderByOrderNo/{orderNo}],methods=[GET]}" onto public abstract com.cupdata.commons.vo.BaseResponse<com.cupdata.commons.vo.product.RechargeOrderVo> com.cupdata.commons.api.order.IOrderController.getRechargeOrderByOrderNo(java.lang.String)
2018-03-21 14:36:53.725 cms-boot INFO  [main] o.s.w.s.m.m.a.RequestMappingHandlerMapping - Mapped "{[/order/updateContentOrder],methods=[POST]}" onto public abstract com.cupdata.commons.vo.BaseResponse com.cupdata.commons.api.order.IOrderController.updateContentOrder()
2018-03-21 14:36:53.728 cms-boot INFO  [main] o.s.w.s.m.m.a.RequestMappingHandlerMapping - Mapped "{[/error]}" onto public org.springframework.http.ResponseEntity<java.util.Map<java.lang.String, java.lang.Object>> org.springframework.boot.autoconfigure.web.BasicErrorController.error(javax.servlet.http.HttpServletRequest)
2018-03-21 14:36:53.729 cms-boot INFO  [main] o.s.w.s.m.m.a.RequestMappingHandlerMapping - Mapped "{[/error],produces=[text/html]}" onto public org.springframework.web.servlet.ModelAndView org.springframework.boot.autoconfigure.web.BasicErrorController.errorHtml(javax.servlet.http.HttpServletRequest,javax.servlet.http.HttpServletResponse)
2018-03-21 14:36:53.794 cms-boot INFO  [main] o.s.w.s.h.SimpleUrlHandlerMapping - Mapped URL path [/webjars/**] onto handler of type [class org.springframework.web.servlet.resource.ResourceHttpRequestHandler]
2018-03-21 14:36:53.795 cms-boot INFO  [main] o.s.w.s.h.SimpleUrlHandlerMapping - Mapped URL path [/**] onto handler of type [class org.springframework.web.servlet.resource.ResourceHttpRequestHandler]
2018-03-21 14:36:53.837 cms-boot INFO  [main] o.s.w.s.m.m.a.ExceptionHandlerExceptionResolver - Detected @ExceptionHandler methods in com.cupdata.commons.exception.GlobalExceptionHandler
2018-03-21 14:36:53.897 cms-boot INFO  [main] o.s.w.s.h.SimpleUrlHandlerMapping - Mapped URL path [/**/favicon.ico] onto handler of type [class org.springframework.web.servlet.resource.ResourceHttpRequestHandler]
2018-03-21 14:36:54.804 cms-boot INFO  [main] o.s.b.a.e.mvc.EndpointHandlerMapping - Mapped "{[/mappings || /mappings.json],methods=[GET],produces=[application/vnd.spring-boot.actuator.v1+json || application/json]}" onto public java.lang.Object org.springframework.boot.actuate.endpoint.mvc.EndpointMvcAdapter.invoke()
2018-03-21 14:36:54.806 cms-boot INFO  [main] o.s.b.a.e.mvc.EndpointHandlerMapping - Mapped "{[/env/{name:.*}],methods=[GET],produces=[application/vnd.spring-boot.actuator.v1+json || application/json]}" onto public java.lang.Object org.springframework.boot.actuate.endpoint.mvc.EnvironmentMvcEndpoint.value(java.lang.String)
2018-03-21 14:36:54.807 cms-boot INFO  [main] o.s.b.a.e.mvc.EndpointHandlerMapping - Mapped "{[/env || /env.json],methods=[GET],produces=[application/vnd.spring-boot.actuator.v1+json || application/json]}" onto public java.lang.Object org.springframework.boot.actuate.endpoint.mvc.EndpointMvcAdapter.invoke()
2018-03-21 14:36:54.809 cms-boot INFO  [main] o.s.b.a.e.mvc.EndpointHandlerMapping - Mapped "{[/refresh || /refresh.json],methods=[POST]}" onto public java.lang.Object org.springframework.cloud.endpoint.GenericPostableMvcEndpoint.invoke()
2018-03-21 14:36:54.810 cms-boot INFO  [main] o.s.b.a.e.mvc.EndpointHandlerMapping - Mapped "{[/dump || /dump.json],methods=[GET],produces=[application/vnd.spring-boot.actuator.v1+json || application/json]}" onto public java.lang.Object org.springframework.boot.actuate.endpoint.mvc.EndpointMvcAdapter.invoke()
2018-03-21 14:36:54.812 cms-boot INFO  [main] o.s.b.a.e.mvc.EndpointHandlerMapping - Mapped "{[/restart || /restart.json],methods=[POST]}" onto public java.lang.Object org.springframework.cloud.context.restart.RestartMvcEndpoint.invoke()
2018-03-21 14:36:54.821 cms-boot INFO  [main] o.s.b.a.e.mvc.EndpointHandlerMapping - Mapped "{[/metrics/{name:.*}],methods=[GET],produces=[application/vnd.spring-boot.actuator.v1+json || application/json]}" onto public java.lang.Object org.springframework.boot.actuate.endpoint.mvc.MetricsMvcEndpoint.value(java.lang.String)
2018-03-21 14:36:54.823 cms-boot INFO  [main] o.s.b.a.e.mvc.EndpointHandlerMapping - Mapped "{[/metrics || /metrics.json],methods=[GET],produces=[application/vnd.spring-boot.actuator.v1+json || application/json]}" onto public java.lang.Object org.springframework.boot.actuate.endpoint.mvc.EndpointMvcAdapter.invoke()
2018-03-21 14:36:54.826 cms-boot INFO  [main] o.s.b.a.e.mvc.EndpointHandlerMapping - Mapped "{[/auditevents || /auditevents.json],methods=[GET],produces=[application/vnd.spring-boot.actuator.v1+json || application/json]}" onto public org.springframework.http.ResponseEntity<?> org.springframework.boot.actuate.endpoint.mvc.AuditEventsMvcEndpoint.findByPrincipalAndAfterAndType(java.lang.String,java.util.Date,java.lang.String)
2018-03-21 14:36:54.828 cms-boot INFO  [main] o.s.b.a.e.mvc.EndpointHandlerMapping - Mapped "{[/features || /features.json],methods=[GET],produces=[application/vnd.spring-boot.actuator.v1+json || application/json]}" onto public java.lang.Object org.springframework.boot.actuate.endpoint.mvc.EndpointMvcAdapter.invoke()
2018-03-21 14:36:54.829 cms-boot INFO  [main] o.s.b.a.e.mvc.EndpointHandlerMapping - Mapped "{[/health || /health.json],methods=[GET],produces=[application/vnd.spring-boot.actuator.v1+json || application/json]}" onto public java.lang.Object org.springframework.boot.actuate.endpoint.mvc.HealthMvcEndpoint.invoke(javax.servlet.http.HttpServletRequest,java.security.Principal)
2018-03-21 14:36:54.832 cms-boot INFO  [main] o.s.b.a.e.mvc.EndpointHandlerMapping - Mapped "{[/loggers/{name:.*}],methods=[GET],produces=[application/vnd.spring-boot.actuator.v1+json || application/json]}" onto public java.lang.Object org.springframework.boot.actuate.endpoint.mvc.LoggersMvcEndpoint.get(java.lang.String)
2018-03-21 14:36:54.834 cms-boot INFO  [main] o.s.b.a.e.mvc.EndpointHandlerMapping - Mapped "{[/loggers/{name:.*}],methods=[POST],consumes=[application/vnd.spring-boot.actuator.v1+json || application/json],produces=[application/vnd.spring-boot.actuator.v1+json || application/json]}" onto public java.lang.Object org.springframework.boot.actuate.endpoint.mvc.LoggersMvcEndpoint.set(java.lang.String,java.util.Map<java.lang.String, java.lang.String>)
2018-03-21 14:36:54.836 cms-boot INFO  [main] o.s.b.a.e.mvc.EndpointHandlerMapping - Mapped "{[/loggers || /loggers.json],methods=[GET],produces=[application/vnd.spring-boot.actuator.v1+json || application/json]}" onto public java.lang.Object org.springframework.boot.actuate.endpoint.mvc.EndpointMvcAdapter.invoke()
2018-03-21 14:36:54.838 cms-boot INFO  [main] o.s.b.a.e.mvc.EndpointHandlerMapping - Mapped "{[/beans || /beans.json],methods=[GET],produces=[application/vnd.spring-boot.actuator.v1+json || application/json]}" onto public java.lang.Object org.springframework.boot.actuate.endpoint.mvc.EndpointMvcAdapter.invoke()
2018-03-21 14:36:54.839 cms-boot INFO  [main] o.s.b.a.e.mvc.EndpointHandlerMapping - Mapped "{[/service-registry/instance-status],methods=[GET]}" onto public org.springframework.http.ResponseEntity org.springframework.cloud.client.serviceregistry.endpoint.ServiceRegistryEndpoint.getStatus()
2018-03-21 14:36:54.840 cms-boot INFO  [main] o.s.b.a.e.mvc.EndpointHandlerMapping - Mapped "{[/service-registry/instance-status],methods=[POST]}" onto public org.springframework.http.ResponseEntity<?> org.springframework.cloud.client.serviceregistry.endpoint.ServiceRegistryEndpoint.setStatus(java.lang.String)
2018-03-21 14:36:54.841 cms-boot INFO  [main] o.s.b.a.e.mvc.EndpointHandlerMapping - Mapped "{[/trace || /trace.json],methods=[GET],produces=[application/vnd.spring-boot.actuator.v1+json || application/json]}" onto public java.lang.Object org.springframework.boot.actuate.endpoint.mvc.EndpointMvcAdapter.invoke()
2018-03-21 14:36:54.843 cms-boot INFO  [main] o.s.b.a.e.mvc.EndpointHandlerMapping - Mapped "{[/env],methods=[POST]}" onto public java.lang.Object org.springframework.cloud.context.environment.EnvironmentManagerMvcEndpoint.value(java.util.Map<java.lang.String, java.lang.String>)
2018-03-21 14:36:54.844 cms-boot INFO  [main] o.s.b.a.e.mvc.EndpointHandlerMapping - Mapped "{[/env/reset],methods=[POST]}" onto public java.util.Map<java.lang.String, java.lang.Object> org.springframework.cloud.context.environment.EnvironmentManagerMvcEndpoint.reset()
2018-03-21 14:36:54.846 cms-boot INFO  [main] o.s.b.a.e.mvc.EndpointHandlerMapping - Mapped "{[/archaius || /archaius.json],methods=[GET],produces=[application/vnd.spring-boot.actuator.v1+json || application/json]}" onto public java.lang.Object org.springframework.boot.actuate.endpoint.mvc.EndpointMvcAdapter.invoke()
2018-03-21 14:36:54.848 cms-boot INFO  [main] o.s.b.a.e.mvc.EndpointHandlerMapping - Mapped "{[/autoconfig || /autoconfig.json],methods=[GET],produces=[application/vnd.spring-boot.actuator.v1+json || application/json]}" onto public java.lang.Object org.springframework.boot.actuate.endpoint.mvc.EndpointMvcAdapter.invoke()
2018-03-21 14:36:54.851 cms-boot INFO  [main] o.s.b.a.e.mvc.EndpointHandlerMapping - Mapped "{[/pause || /pause.json],methods=[POST]}" onto public java.lang.Object org.springframework.cloud.endpoint.GenericPostableMvcEndpoint.invoke()
2018-03-21 14:36:54.853 cms-boot INFO  [main] o.s.b.a.e.mvc.EndpointHandlerMapping - Mapped "{[/resume || /resume.json],methods=[POST]}" onto public java.lang.Object org.springframework.cloud.endpoint.GenericPostableMvcEndpoint.invoke()
2018-03-21 14:36:54.856 cms-boot INFO  [main] o.s.b.a.e.mvc.EndpointHandlerMapping - Mapped "{[/configprops || /configprops.json],methods=[GET],produces=[application/vnd.spring-boot.actuator.v1+json || application/json]}" onto public java.lang.Object org.springframework.boot.actuate.endpoint.mvc.EndpointMvcAdapter.invoke()
2018-03-21 14:36:54.857 cms-boot INFO  [main] o.s.b.a.e.mvc.EndpointHandlerMapping - Mapped "{[/info || /info.json],methods=[GET],produces=[application/vnd.spring-boot.actuator.v1+json || application/json]}" onto public java.lang.Object org.springframework.boot.actuate.endpoint.mvc.EndpointMvcAdapter.invoke()
2018-03-21 14:36:54.859 cms-boot INFO  [main] o.s.b.a.e.mvc.EndpointHandlerMapping - Mapped "{[/heapdump || /heapdump.json],methods=[GET],produces=[application/octet-stream]}" onto public void org.springframework.boot.actuate.endpoint.mvc.HeapdumpMvcEndpoint.invoke(boolean,javax.servlet.http.HttpServletRequest,javax.servlet.http.HttpServletResponse) throws java.io.IOException,javax.servlet.ServletException
2018-03-21 14:36:55.124 cms-boot INFO  [main] c.n.c.sources.URLConfigurationSource - To enable URLs as dynamic configuration sources, define System property archaius.configurationSource.additionalUrls or make config.properties available on classpath.
2018-03-21 14:36:55.140 cms-boot INFO  [main] c.n.c.sources.URLConfigurationSource - To enable URLs as dynamic configuration sources, define System property archaius.configurationSource.additionalUrls or make config.properties available on classpath.
2018-03-21 14:36:55.246 cms-boot INFO  [main] o.s.j.e.a.AnnotationMBeanExporter - Registering beans for JMX exposure on startup
2018-03-21 14:36:55.262 cms-boot INFO  [main] o.s.j.e.a.AnnotationMBeanExporter - Bean with name 'environmentManager' has been autodetected for JMX exposure
2018-03-21 14:36:55.267 cms-boot INFO  [main] o.s.j.e.a.AnnotationMBeanExporter - Bean with name 'configurationPropertiesRebinder' has been autodetected for JMX exposure
2018-03-21 14:36:55.268 cms-boot INFO  [main] o.s.j.e.a.AnnotationMBeanExporter - Bean with name 'refreshEndpoint' has been autodetected for JMX exposure
2018-03-21 14:36:55.270 cms-boot INFO  [main] o.s.j.e.a.AnnotationMBeanExporter - Bean with name 'restartEndpoint' has been autodetected for JMX exposure
2018-03-21 14:36:55.272 cms-boot INFO  [main] o.s.j.e.a.AnnotationMBeanExporter - Bean with name 'serviceRegistryEndpoint' has been autodetected for JMX exposure
2018-03-21 14:36:55.274 cms-boot INFO  [main] o.s.j.e.a.AnnotationMBeanExporter - Bean with name 'refreshScope' has been autodetected for JMX exposure
2018-03-21 14:36:55.279 cms-boot INFO  [main] o.s.j.e.a.AnnotationMBeanExporter - Located managed bean 'environmentManager': registering with JMX server as MBean [org.springframework.cloud.context.environment:name=environmentManager,type=EnvironmentManager]
2018-03-21 14:36:55.305 cms-boot INFO  [main] o.s.j.e.a.AnnotationMBeanExporter - Located managed bean 'restartEndpoint': registering with JMX server as MBean [org.springframework.cloud.context.restart:name=restartEndpoint,type=RestartEndpoint]
2018-03-21 14:36:55.326 cms-boot INFO  [main] o.s.j.e.a.AnnotationMBeanExporter - Located managed bean 'serviceRegistryEndpoint': registering with JMX server as MBean [org.springframework.cloud.client.serviceregistry.endpoint:name=serviceRegistryEndpoint,type=ServiceRegistryEndpoint]
2018-03-21 14:36:55.337 cms-boot INFO  [main] o.s.j.e.a.AnnotationMBeanExporter - Located managed bean 'refreshScope': registering with JMX server as MBean [org.springframework.cloud.context.scope.refresh:name=refreshScope,type=RefreshScope]
2018-03-21 14:36:55.363 cms-boot INFO  [main] o.s.j.e.a.AnnotationMBeanExporter - Located managed bean 'configurationPropertiesRebinder': registering with JMX server as MBean [org.springframework.cloud.context.properties:name=configurationPropertiesRebinder,context=185d8b6,type=ConfigurationPropertiesRebinder]
2018-03-21 14:36:55.372 cms-boot INFO  [main] o.s.j.e.a.AnnotationMBeanExporter - Located managed bean 'refreshEndpoint': registering with JMX server as MBean [org.springframework.cloud.endpoint:name=refreshEndpoint,type=RefreshEndpoint]
2018-03-21 14:36:55.380 cms-boot INFO  [main] o.s.b.a.e.jmx.EndpointMBeanExporter - Registering beans for JMX exposure on startup
2018-03-21 14:36:55.597 cms-boot INFO  [main] o.s.c.s.DefaultLifecycleProcessor - Starting beans in phase 0
2018-03-21 14:36:55.614 cms-boot INFO  [main] o.s.c.n.eureka.InstanceInfoFactory - Setting initial instance status as: STARTING
2018-03-21 14:36:55.696 cms-boot INFO  [main] c.netflix.discovery.DiscoveryClient - Initializing Eureka in region us-east-1
2018-03-21 14:36:56.000 cms-boot INFO  [main] c.n.d.p.DiscoveryJerseyProvider - Using JSON encoding codec LegacyJacksonJson
2018-03-21 14:36:56.002 cms-boot INFO  [main] c.n.d.p.DiscoveryJerseyProvider - Using JSON decoding codec LegacyJacksonJson
2018-03-21 14:36:56.265 cms-boot INFO  [main] c.n.d.p.DiscoveryJerseyProvider - Using XML encoding codec XStreamXml
2018-03-21 14:36:56.267 cms-boot INFO  [main] c.n.d.p.DiscoveryJerseyProvider - Using XML decoding codec XStreamXml
2018-03-21 14:36:56.681 cms-boot INFO  [main] c.n.d.s.r.aws.ConfigClusterResolver - Resolving eureka endpoints via configuration
2018-03-21 14:36:56.789 cms-boot INFO  [main] c.netflix.discovery.DiscoveryClient - Disable delta property : false
2018-03-21 14:36:56.789 cms-boot INFO  [main] c.netflix.discovery.DiscoveryClient - Single vip registry refresh property : null
2018-03-21 14:36:56.791 cms-boot INFO  [main] c.netflix.discovery.DiscoveryClient - Force full registry fetch : false
2018-03-21 14:36:56.792 cms-boot INFO  [main] c.netflix.discovery.DiscoveryClient - Application is null : false
2018-03-21 14:36:56.792 cms-boot INFO  [main] c.netflix.discovery.DiscoveryClient - Registered Applications size is zero : true
2018-03-21 14:36:56.793 cms-boot INFO  [main] c.netflix.discovery.DiscoveryClient - Application version is -1: true
2018-03-21 14:36:56.794 cms-boot INFO  [main] c.netflix.discovery.DiscoveryClient - Getting all instance registry info from the eureka server
2018-03-21 14:36:57.185 cms-boot INFO  [main] c.netflix.discovery.DiscoveryClient - The response status is 200
2018-03-21 14:36:57.189 cms-boot INFO  [main] c.netflix.discovery.DiscoveryClient - Starting heartbeat executor: renew interval is: 20
2018-03-21 14:36:57.195 cms-boot INFO  [main] c.n.discovery.InstanceInfoReplicator - InstanceInfoReplicator onDemand update allowed rate per min is 4
2018-03-21 14:36:57.200 cms-boot INFO  [main] c.netflix.discovery.DiscoveryClient - Discovery Client initialized at timestamp 1521614217200 with initial instances count: 7
2018-03-21 14:36:57.242 cms-boot INFO  [main] o.s.c.n.e.s.EurekaServiceRegistry - Registering application tencent-service with eureka with status UP
2018-03-21 14:36:57.246 cms-boot INFO  [main] c.netflix.discovery.DiscoveryClient - Saw local status change event StatusChangeEvent [timestamp=1521614217245, current=UP, previous=STARTING]
2018-03-21 14:36:57.250 cms-boot INFO  [DiscoveryClient-InstanceInfoReplicator-0] c.netflix.discovery.DiscoveryClient - DiscoveryClient_TENCENT-SERVICE/DESKTOP-POVV49G:tencent-service:46982: registering service...
2018-03-21 14:36:57.256 cms-boot INFO  [main] o.s.b.a.e.jmx.EndpointMBeanExporter - Located managed bean 'auditEventsEndpoint': registering with JMX server as MBean [org.springframework.boot:type=Endpoint,name=auditEventsEndpoint]
2018-03-21 14:36:57.272 cms-boot INFO  [main] o.s.b.a.e.jmx.EndpointMBeanExporter - Located managed bean 'featuresEndpoint': registering with JMX server as MBean [org.springframework.boot:type=Endpoint,name=featuresEndpoint]
2018-03-21 14:36:57.300 cms-boot INFO  [main] o.s.b.a.e.jmx.EndpointMBeanExporter - Located managed bean 'requestMappingEndpoint': registering with JMX server as MBean [org.springframework.boot:type=Endpoint,name=requestMappingEndpoint]
2018-03-21 14:36:57.313 cms-boot INFO  [main] o.s.b.a.e.jmx.EndpointMBeanExporter - Located managed bean 'environmentEndpoint': registering with JMX server as MBean [org.springframework.boot:type=Endpoint,name=environmentEndpoint]
2018-03-21 14:36:57.322 cms-boot INFO  [main] o.s.b.a.e.jmx.EndpointMBeanExporter - Located managed bean 'healthEndpoint': registering with JMX server as MBean [org.springframework.boot:type=Endpoint,name=healthEndpoint]
2018-03-21 14:36:57.336 cms-boot INFO  [main] o.s.b.a.e.jmx.EndpointMBeanExporter - Located managed bean 'beansEndpoint': registering with JMX server as MBean [org.springframework.boot:type=Endpoint,name=beansEndpoint]
2018-03-21 14:36:57.341 cms-boot INFO  [main] o.s.b.a.e.jmx.EndpointMBeanExporter - Located managed bean 'infoEndpoint': registering with JMX server as MBean [org.springframework.boot:type=Endpoint,name=infoEndpoint]
2018-03-21 14:36:57.344 cms-boot INFO  [DiscoveryClient-InstanceInfoReplicator-0] c.netflix.discovery.DiscoveryClient - DiscoveryClient_TENCENT-SERVICE/DESKTOP-POVV49G:tencent-service:46982 - registration status: 204
2018-03-21 14:36:57.347 cms-boot INFO  [main] o.s.b.a.e.jmx.EndpointMBeanExporter - Located managed bean 'loggersEndpoint': registering with JMX server as MBean [org.springframework.boot:type=Endpoint,name=loggersEndpoint]
2018-03-21 14:36:57.359 cms-boot INFO  [main] o.s.b.a.e.jmx.EndpointMBeanExporter - Located managed bean 'metricsEndpoint': registering with JMX server as MBean [org.springframework.boot:type=Endpoint,name=metricsEndpoint]
2018-03-21 14:36:57.364 cms-boot INFO  [main] o.s.b.a.e.jmx.EndpointMBeanExporter - Located managed bean 'traceEndpoint': registering with JMX server as MBean [org.springframework.boot:type=Endpoint,name=traceEndpoint]
2018-03-21 14:36:57.368 cms-boot INFO  [main] o.s.b.a.e.jmx.EndpointMBeanExporter - Located managed bean 'dumpEndpoint': registering with JMX server as MBean [org.springframework.boot:type=Endpoint,name=dumpEndpoint]
2018-03-21 14:36:57.371 cms-boot INFO  [main] o.s.b.a.e.jmx.EndpointMBeanExporter - Located managed bean 'autoConfigurationReportEndpoint': registering with JMX server as MBean [org.springframework.boot:type=Endpoint,name=autoConfigurationReportEndpoint]
2018-03-21 14:36:57.375 cms-boot INFO  [main] o.s.b.a.e.jmx.EndpointMBeanExporter - Located managed bean 'configurationPropertiesReportEndpoint': registering with JMX server as MBean [org.springframework.boot:type=Endpoint,name=configurationPropertiesReportEndpoint]
2018-03-21 14:36:57.377 cms-boot INFO  [main] o.s.b.a.e.jmx.EndpointMBeanExporter - Located managed bean 'archaiusEndpoint': registering with JMX server as MBean [org.springframework.boot:type=Endpoint,name=archaiusEndpoint]
2018-03-21 14:36:57.470 cms-boot INFO  [main] o.s.b.c.e.u.UndertowEmbeddedServletContainer - Undertow started on port(s) 46982 (http)
2018-03-21 14:36:57.472 cms-boot INFO  [main] o.s.c.n.e.s.EurekaAutoServiceRegistration - Updating port to 46982
2018-03-21 14:36:57.478 cms-boot INFO  [main] c.c.t.TencentServiceApplication - Started TencentServiceApplication in 13.007 seconds (JVM running for 13.961)
2018-03-21 14:38:02.754 cms-boot INFO  [XNIO-2 task-1] io.undertow.servlet - Initializing Spring FrameworkServlet 'dispatcherServlet'
2018-03-21 14:38:02.755 cms-boot INFO  [XNIO-2 task-1] o.s.web.servlet.DispatcherServlet - FrameworkServlet 'dispatcherServlet': initialization started
2018-03-21 14:38:02.800 cms-boot INFO  [XNIO-2 task-1] o.s.web.servlet.DispatcherServlet - FrameworkServlet 'dispatcherServlet': initialization completed in 44 ms
2018-03-21 14:38:02.982 cms-boot INFO  [XNIO-2 task-1] c.c.t.controller.TencentController - controller......org:2018010200000001,Account:625192155,OrgOrderNo:TENAD478479824KJK,ProductNo:170810R001,MobileNo:15857128524
2018-03-21 14:38:02.998 cms-boot INFO  [XNIO-2 task-1] o.s.c.a.AnnotationConfigApplicationContext - Refreshing org.springframework.context.annotation.AnnotationConfigApplicationContext@7fb3af3a: startup date [Wed Mar 21 14:38:02 CST 2018]; parent: org.springframework.boot.context.embedded.AnnotationConfigEmbeddedWebApplicationContext@185d8b6
2018-03-21 14:38:03.114 cms-boot INFO  [XNIO-2 task-1] o.s.b.f.a.AutowiredAnnotationBeanPostProcessor - JSR-330 'javax.inject.Inject' annotation found and supported for autowiring
2018-03-21 14:38:03.476 cms-boot INFO  [XNIO-2 task-1] c.n.config.ChainedDynamicProperty - Flipping property: product-service.ribbon.ActiveConnectionsLimit to use NEXT property: niws.loadbalancer.availabilityFilteringRule.activeConnectionsLimit = 2147483647
2018-03-21 14:38:03.505 cms-boot INFO  [XNIO-2 task-1] c.n.u.c.ShutdownEnabledTimer - Shutdown hook installed for: NFLoadBalancer-PingTimer-product-service
2018-03-21 14:38:03.569 cms-boot INFO  [XNIO-2 task-1] c.n.loadbalancer.BaseLoadBalancer - Client: product-service instantiated a LoadBalancer: DynamicServerListLoadBalancer:{NFLoadBalancer:name=product-service,current list of Servers=[],Load balancer stats=Zone stats: {},Server stats: []}ServerList:null
2018-03-21 14:38:03.586 cms-boot INFO  [XNIO-2 task-1] c.n.l.DynamicServerListLoadBalancer - Using serverListUpdater PollingServerListUpdater
2018-03-21 14:38:03.648 cms-boot INFO  [XNIO-2 task-1] c.n.config.ChainedDynamicProperty - Flipping property: product-service.ribbon.ActiveConnectionsLimit to use NEXT property: niws.loadbalancer.availabilityFilteringRule.activeConnectionsLimit = 2147483647
2018-03-21 14:38:03.651 cms-boot INFO  [XNIO-2 task-1] c.n.l.DynamicServerListLoadBalancer - DynamicServerListLoadBalancer for client product-service initialized: DynamicServerListLoadBalancer:{NFLoadBalancer:name=product-service,current list of Servers=[10.152.0.24:46963],Load balancer stats=Zone stats: {defaultzone=[Zone:defaultzone;	Instance count:1;	Active connections count: 0;	Circuit breaker tripped count: 0;	Active connections per server: 0.0;]
},Server stats: [[Server:10.152.0.24:46963;	Zone:defaultZone;	Total Requests:0;	Successive connection failure:0;	Total blackout seconds:0;	Last connection made:Thu Jan 01 08:00:00 CST 1970;	First connection made: Thu Jan 01 08:00:00 CST 1970;	Active Connections:0;	total failure count in last (1000) msecs:0;	average resp time:0.0;	90 percentile resp time:0.0;	95 percentile resp time:0.0;	min resp time:0.0;	max resp time:0.0;	stddev resp time:0.0]
]}ServerList:org.springframework.cloud.netflix.ribbon.eureka.DomainExtractingServerList@1e29f2ab
2018-03-21 14:38:04.118 cms-boot INFO  [XNIO-2 task-1] c.c.tencent.utils.QQRechargeUtils - QQ,Uin:625192155,Serviceid:01,Servernum:15857128524
2018-03-21 14:38:04.125 cms-boot INFO  [XNIO-2 task-1] o.s.c.a.AnnotationConfigApplicationContext - Refreshing org.springframework.context.annotation.AnnotationConfigApplicationContext@2ca252b3: startup date [Wed Mar 21 14:38:04 CST 2018]; parent: org.springframework.boot.context.embedded.AnnotationConfigEmbeddedWebApplicationContext@185d8b6
2018-03-21 14:38:04.183 cms-boot INFO  [XNIO-2 task-1] o.s.b.f.a.AutowiredAnnotationBeanPostProcessor - JSR-330 'javax.inject.Inject' annotation found and supported for autowiring
2018-03-21 14:38:04.293 cms-boot INFO  [XNIO-2 task-1] c.n.config.ChainedDynamicProperty - Flipping property: cache-service.ribbon.ActiveConnectionsLimit to use NEXT property: niws.loadbalancer.availabilityFilteringRule.activeConnectionsLimit = 2147483647
2018-03-21 14:38:04.311 cms-boot INFO  [XNIO-2 task-1] c.n.u.c.ShutdownEnabledTimer - Shutdown hook installed for: NFLoadBalancer-PingTimer-cache-service
2018-03-21 14:38:04.312 cms-boot INFO  [XNIO-2 task-1] c.n.loadbalancer.BaseLoadBalancer - Client: cache-service instantiated a LoadBalancer: DynamicServerListLoadBalancer:{NFLoadBalancer:name=cache-service,current list of Servers=[],Load balancer stats=Zone stats: {},Server stats: []}ServerList:null
2018-03-21 14:38:04.313 cms-boot INFO  [XNIO-2 task-1] c.n.l.DynamicServerListLoadBalancer - Using serverListUpdater PollingServerListUpdater
2018-03-21 14:38:04.314 cms-boot INFO  [XNIO-2 task-1] c.n.config.ChainedDynamicProperty - Flipping property: cache-service.ribbon.ActiveConnectionsLimit to use NEXT property: niws.loadbalancer.availabilityFilteringRule.activeConnectionsLimit = 2147483647
2018-03-21 14:38:04.316 cms-boot INFO  [XNIO-2 task-1] c.n.l.DynamicServerListLoadBalancer - DynamicServerListLoadBalancer for client cache-service initialized: DynamicServerListLoadBalancer:{NFLoadBalancer:name=cache-service,current list of Servers=[10.152.0.24:46961],Load balancer stats=Zone stats: {defaultzone=[Zone:defaultzone;	Instance count:1;	Active connections count: 0;	Circuit breaker tripped count: 0;	Active connections per server: 0.0;]
},Server stats: [[Server:10.152.0.24:46961;	Zone:defaultZone;	Total Requests:0;	Successive connection failure:0;	Total blackout seconds:0;	Last connection made:Thu Jan 01 08:00:00 CST 1970;	First connection made: Thu Jan 01 08:00:00 CST 1970;	Active Connections:0;	total failure count in last (1000) msecs:0;	average resp time:0.0;	90 percentile resp time:0.0;	95 percentile resp time:0.0;	min resp time:0.0;	max resp time:0.0;	stddev resp time:0.0]
]}ServerList:org.springframework.cloud.netflix.ribbon.eureka.DomainExtractingServerList@51617af0
2018-03-21 14:38:04.596 cms-boot INFO  [PollingServerListUpdater-0] c.n.config.ChainedDynamicProperty - Flipping property: product-service.ribbon.ActiveConnectionsLimit to use NEXT property: niws.loadbalancer.availabilityFilteringRule.activeConnectionsLimit = 2147483647
2018-03-21 14:38:04.854 cms-boot INFO  [XNIO-2 task-1] c.cupdata.commons.utils.CommonUtils - beanamount=1&servernum=15857128524&sign=1BFD296F544C86D03340D74A6C27EC3B&source=10017&uin=625192155&serviceid=01&paytype=1
2018-03-21 14:38:04.860 cms-boot INFO  [XNIO-2 task-1] com.cupdata.commons.utils.HttpUtil - HttpUtil.doGet()urlhttp://cgi.vip.qq.com/integopendebug/checkopen?amount=1&servernum=15857128524&sign=1BFD296F544C86D03340D74A6C27EC3B&source=10017&uin=625192155&serviceid=01&paytype=1
2018-03-21 14:38:05.314 cms-boot INFO  [PollingServerListUpdater-1] c.n.config.ChainedDynamicProperty - Flipping property: cache-service.ribbon.ActiveConnectionsLimit to use NEXT property: niws.loadbalancer.availabilityFilteringRule.activeConnectionsLimit = 2147483647
2018-03-21 14:38:11.073 cms-boot INFO  [XNIO-2 task-1] com.cupdata.commons.utils.HttpUtil - HttpUtil.doGet()<data><result>-9</result><desc></desc><txparam></txparam></data>
2018-03-21 14:38:11.073 cms-boot INFO  [XNIO-2 task-1] c.c.tencent.utils.QQRechargeUtils - :6218ms
2018-03-21 14:38:11.074 cms-boot INFO  [XNIO-2 task-1] c.c.tencent.utils.QQRechargeUtils - xml
2018-03-21 14:38:11.178 cms-boot INFO  [XNIO-2 task-1] c.c.t.controller.TencentController - controller,checkOpenRes:com.cupdata.tencent.vo.QQCheckOpenRes@597b6041,7099
2018-03-21 14:38:11.180 cms-boot INFO  [XNIO-2 task-1] c.c.t.controller.TencentController - controller
2018-03-21 14:38:11.187 cms-boot INFO  [XNIO-2 task-1] o.s.c.a.AnnotationConfigApplicationContext - Refreshing org.springframework.context.annotation.AnnotationConfigApplicationContext@41bd2ae: startup date [Wed Mar 21 14:38:11 CST 2018]; parent: org.springframework.boot.context.embedded.AnnotationConfigEmbeddedWebApplicationContext@185d8b6
2018-03-21 14:38:11.237 cms-boot INFO  [XNIO-2 task-1] o.s.b.f.a.AutowiredAnnotationBeanPostProcessor - JSR-330 'javax.inject.Inject' annotation found and supported for autowiring
2018-03-21 14:38:11.363 cms-boot INFO  [XNIO-2 task-1] c.n.config.ChainedDynamicProperty - Flipping property: order-service.ribbon.ActiveConnectionsLimit to use NEXT property: niws.loadbalancer.availabilityFilteringRule.activeConnectionsLimit = 2147483647
2018-03-21 14:38:11.377 cms-boot INFO  [XNIO-2 task-1] c.n.u.c.ShutdownEnabledTimer - Shutdown hook installed for: NFLoadBalancer-PingTimer-order-service
2018-03-21 14:38:11.378 cms-boot INFO  [XNIO-2 task-1] c.n.loadbalancer.BaseLoadBalancer - Client: order-service instantiated a LoadBalancer: DynamicServerListLoadBalancer:{NFLoadBalancer:name=order-service,current list of Servers=[],Load balancer stats=Zone stats: {},Server stats: []}ServerList:null
2018-03-21 14:38:11.379 cms-boot INFO  [XNIO-2 task-1] c.n.l.DynamicServerListLoadBalancer - Using serverListUpdater PollingServerListUpdater
2018-03-21 14:38:11.380 cms-boot INFO  [XNIO-2 task-1] c.n.config.ChainedDynamicProperty - Flipping property: order-service.ribbon.ActiveConnectionsLimit to use NEXT property: niws.loadbalancer.availabilityFilteringRule.activeConnectionsLimit = 2147483647
2018-03-21 14:38:11.381 cms-boot INFO  [XNIO-2 task-1] c.n.l.DynamicServerListLoadBalancer - DynamicServerListLoadBalancer for client order-service initialized: DynamicServerListLoadBalancer:{NFLoadBalancer:name=order-service,current list of Servers=[localhost:46964],Load balancer stats=Zone stats: {defaultzone=[Zone:defaultzone;	Instance count:1;	Active connections count: 0;	Circuit breaker tripped count: 0;	Active connections per server: 0.0;]
},Server stats: [[Server:localhost:46964;	Zone:defaultZone;	Total Requests:0;	Successive connection failure:0;	Total blackout seconds:0;	Last connection made:Thu Jan 01 08:00:00 CST 1970;	First connection made: Thu Jan 01 08:00:00 CST 1970;	Active Connections:0;	total failure count in last (1000) msecs:0;	average resp time:0.0;	90 percentile resp time:0.0;	95 percentile resp time:0.0;	min resp time:0.0;	max resp time:0.0;	stddev resp time:0.0]
]}ServerList:org.springframework.cloud.netflix.ribbon.eureka.DomainExtractingServerList@5075f23f
2018-03-21 14:38:12.380 cms-boot INFO  [PollingServerListUpdater-0] c.n.config.ChainedDynamicProperty - Flipping property: order-service.ribbon.ActiveConnectionsLimit to use NEXT property: niws.loadbalancer.availabilityFilteringRule.activeConnectionsLimit = 2147483647
2018-03-21 14:38:12.621 cms-boot INFO  [XNIO-2 task-1] c.c.t.controller.TencentController - JSON parse error: Can not construct instance of com.cupdata.commons.vo.product.RechargeOrderVo: no String-argument constructor/factory method to deserialize from String value (''); nested exception is com.fasterxml.jackson.databind.JsonMappingException: Can not construct instance of com.cupdata.commons.vo.product.RechargeOrderVo: no String-argument constructor/factory method to deserialize from String value ('')
 at [Source: java.io.PushbackInputStream@58d06d30; line: 1, column: 62] (through reference chain: com.cupdata.commons.vo.BaseResponse["data"])
2018-03-21 14:38:55.870 cms-boot INFO  [XNIO-2 task-2] c.c.t.controller.TencentController - controller......org:2018010200000001,Account:625192155,OrgOrderNo:TENAD478479824KJK,ProductNo:170810R001,MobileNo:15857128524
2018-03-21 14:38:55.890 cms-boot INFO  [XNIO-2 task-2] c.c.tencent.utils.QQRechargeUtils - QQ,Uin:625192155,Serviceid:01,Servernum:15857128524
2018-03-21 14:38:55.932 cms-boot INFO  [XNIO-2 task-2] c.cupdata.commons.utils.CommonUtils - beanamount=1&servernum=15857128524&sign=1BFD296F544C86D03340D74A6C27EC3B&source=10017&uin=625192155&serviceid=01&paytype=1
2018-03-21 14:38:55.933 cms-boot INFO  [XNIO-2 task-2] com.cupdata.commons.utils.HttpUtil - HttpUtil.doGet()urlhttp://cgi.vip.qq.com/integopendebug/checkopen?amount=1&servernum=15857128524&sign=1BFD296F544C86D03340D74A6C27EC3B&source=10017&uin=625192155&serviceid=01&paytype=1
2018-03-21 14:39:02.085 cms-boot INFO  [XNIO-2 task-2] com.cupdata.commons.utils.HttpUtil - HttpUtil.doGet()<data><result>-9</result><desc></desc><txparam></txparam></data>
2018-03-21 14:39:02.087 cms-boot INFO  [XNIO-2 task-2] c.c.tencent.utils.QQRechargeUtils - :6154ms
2018-03-21 14:39:02.088 cms-boot INFO  [XNIO-2 task-2] c.c.tencent.utils.QQRechargeUtils - xml
2018-03-21 14:39:02.093 cms-boot INFO  [XNIO-2 task-2] c.c.t.controller.TencentController - controller,checkOpenRes:com.cupdata.tencent.vo.QQCheckOpenRes@5a4fe9e7,6203
2018-03-21 14:39:02.093 cms-boot INFO  [XNIO-2 task-2] c.c.t.controller.TencentController - controller
2018-03-21 14:39:02.118 cms-boot INFO  [XNIO-2 task-2] c.c.t.controller.TencentController - JSON parse error: Can not construct instance of com.cupdata.commons.vo.product.RechargeOrderVo: no String-argument constructor/factory method to deserialize from String value (''); nested exception is com.fasterxml.jackson.databind.JsonMappingException: Can not construct instance of com.cupdata.commons.vo.product.RechargeOrderVo: no String-argument constructor/factory method to deserialize from String value ('')
 at [Source: java.io.PushbackInputStream@51711223; line: 1, column: 62] (through reference chain: com.cupdata.commons.vo.BaseResponse["data"])
2018-03-21 14:41:56.804 cms-boot INFO  [AsyncResolver-bootstrap-executor-0] c.n.d.s.r.aws.ConfigClusterResolver - Resolving eureka endpoints via configuration
2018-03-21 14:45:41.958 cms-boot INFO  [XNIO-2 task-3] c.c.t.controller.TencentController - controller......org:2018010200000001,Account:625192155,OrgOrderNo:TENAD478479824KJK,ProductNo:170810R001,MobileNo:15857128524
2018-03-21 14:47:02.104 cms-boot INFO  [XNIO-2 task-4] c.c.t.controller.TencentController - controller......org:2018010200000001,Account:625192155,OrgOrderNo:TENAD478479824KJK,ProductNo:170810R001,MobileNo:15857128524
2018-03-21 14:47:59.785 cms-boot INFO  [XNIO-2 task-5] c.c.t.controller.TencentController - controller......org:2018010200000001,Account:625192155,OrgOrderNo:TENAD478479824KJK,ProductNo:170810R001,MobileNo:15857128524
2018-03-21 14:48:43.410 cms-boot INFO  [XNIO-2 task-4] c.c.tencent.utils.QQRechargeUtils - QQ,Uin:625192155,Serviceid:01,Servernum:15857128524
2018-03-21 14:48:43.422 cms-boot INFO  [XNIO-2 task-3] c.c.tencent.utils.QQRechargeUtils - QQ,Uin:625192155,Serviceid:01,Servernum:15857128524
2018-03-21 14:48:43.431 cms-boot INFO  [XNIO-2 task-5] c.c.tencent.utils.QQRechargeUtils - QQ,Uin:625192155,Serviceid:01,Servernum:15857128524
2018-03-21 14:48:43.484 cms-boot INFO  [XNIO-2 task-4] c.cupdata.commons.utils.CommonUtils - beanamount=1&servernum=15857128524&sign=1BFD296F544C86D03340D74A6C27EC3B&source=10017&uin=625192155&serviceid=01&paytype=1
2018-03-21 14:48:43.487 cms-boot INFO  [XNIO-2 task-4] com.cupdata.commons.utils.HttpUtil - HttpUtil.doGet()urlhttp://cgi.vip.qq.com/integopendebug/checkopen?amount=1&servernum=15857128524&sign=1BFD296F544C86D03340D74A6C27EC3B&source=10017&uin=625192155&serviceid=01&paytype=1
2018-03-21 14:48:43.497 cms-boot INFO  [XNIO-2 task-3] c.cupdata.commons.utils.CommonUtils - beanamount=1&servernum=15857128524&sign=1BFD296F544C86D03340D74A6C27EC3B&source=10017&uin=625192155&serviceid=01&paytype=1
2018-03-21 14:48:43.498 cms-boot INFO  [XNIO-2 task-3] com.cupdata.commons.utils.HttpUtil - HttpUtil.doGet()urlhttp://cgi.vip.qq.com/integopendebug/checkopen?amount=1&servernum=15857128524&sign=1BFD296F544C86D03340D74A6C27EC3B&source=10017&uin=625192155&serviceid=01&paytype=1
2018-03-21 14:48:43.499 cms-boot INFO  [XNIO-2 task-5] c.cupdata.commons.utils.CommonUtils - beanamount=1&servernum=15857128524&sign=1BFD296F544C86D03340D74A6C27EC3B&source=10017&uin=625192155&serviceid=01&paytype=1
2018-03-21 14:48:43.501 cms-boot INFO  [XNIO-2 task-5] com.cupdata.commons.utils.HttpUtil - HttpUtil.doGet()urlhttp://cgi.vip.qq.com/integopendebug/checkopen?amount=1&servernum=15857128524&sign=1BFD296F544C86D03340D74A6C27EC3B&source=10017&uin=625192155&serviceid=01&paytype=1
2018-03-21 14:48:43.916 cms-boot INFO  [XNIO-2 task-5] com.cupdata.commons.utils.HttpUtil - HttpUtil.doGet()<data><result>-8</result><desc></desc><txparam></txparam></data>
2018-03-21 14:48:43.916 cms-boot INFO  [XNIO-2 task-5] c.c.tencent.utils.QQRechargeUtils - :415ms
2018-03-21 14:48:43.917 cms-boot INFO  [XNIO-2 task-5] c.c.tencent.utils.QQRechargeUtils - xml
2018-03-21 14:48:43.921 cms-boot INFO  [XNIO-2 task-5] c.c.t.controller.TencentController - controller,checkOpenRes:com.cupdata.tencent.vo.QQCheckOpenRes@6089d0d,490
2018-03-21 14:48:43.921 cms-boot INFO  [XNIO-2 task-5] c.c.t.controller.TencentController - controller
2018-03-21 14:48:43.930 cms-boot INFO  [XNIO-2 task-5] c.c.t.controller.TencentController - JSON parse error: Can not construct instance of com.cupdata.commons.vo.product.RechargeOrderVo: no String-argument constructor/factory method to deserialize from String value (''); nested exception is com.fasterxml.jackson.databind.JsonMappingException: Can not construct instance of com.cupdata.commons.vo.product.RechargeOrderVo: no String-argument constructor/factory method to deserialize from String value ('')
 at [Source: java.io.PushbackInputStream@40646a58; line: 1, column: 62] (through reference chain: com.cupdata.commons.vo.BaseResponse["data"])
2018-03-21 14:48:49.627 cms-boot INFO  [XNIO-2 task-4] com.cupdata.commons.utils.HttpUtil - HttpUtil.doGet()<data><result>-9</result><desc></desc><txparam></txparam></data>
2018-03-21 14:48:49.628 cms-boot INFO  [XNIO-2 task-4] c.c.tencent.utils.QQRechargeUtils - :6141ms
2018-03-21 14:48:49.628 cms-boot INFO  [XNIO-2 task-4] c.c.tencent.utils.QQRechargeUtils - xml
2018-03-21 14:48:49.630 cms-boot INFO  [XNIO-2 task-4] c.c.t.controller.TencentController - controller,checkOpenRes:com.cupdata.tencent.vo.QQCheckOpenRes@65905993,6220
2018-03-21 14:48:49.631 cms-boot INFO  [XNIO-2 task-4] c.c.t.controller.TencentController - controller
2018-03-21 14:48:49.638 cms-boot INFO  [XNIO-2 task-4] c.c.t.controller.TencentController - JSON parse error: Can not construct instance of com.cupdata.commons.vo.product.RechargeOrderVo: no String-argument constructor/factory method to deserialize from String value (''); nested exception is com.fasterxml.jackson.databind.JsonMappingException: Can not construct instance of com.cupdata.commons.vo.product.RechargeOrderVo: no String-argument constructor/factory method to deserialize from String value ('')
 at [Source: java.io.PushbackInputStream@76f8a67f; line: 1, column: 62] (through reference chain: com.cupdata.commons.vo.BaseResponse["data"])
2018-03-21 14:48:49.646 cms-boot INFO  [XNIO-2 task-3] com.cupdata.commons.utils.HttpUtil - HttpUtil.doGet()<data><result>-9</result><desc></desc><txparam></txparam></data>
2018-03-21 14:48:49.646 cms-boot INFO  [XNIO-2 task-3] c.c.tencent.utils.QQRechargeUtils - :6148ms
2018-03-21 14:48:49.646 cms-boot INFO  [XNIO-2 task-3] c.c.tencent.utils.QQRechargeUtils - xml
2018-03-21 14:48:49.649 cms-boot INFO  [XNIO-2 task-3] c.c.t.controller.TencentController - controller,checkOpenRes:com.cupdata.tencent.vo.QQCheckOpenRes@5c57bcb2,6227
2018-03-21 14:48:49.649 cms-boot INFO  [XNIO-2 task-3] c.c.t.controller.TencentController - controller
2018-03-21 14:48:49.659 cms-boot INFO  [XNIO-2 task-3] c.c.t.controller.TencentController - JSON parse error: Can not construct instance of com.cupdata.commons.vo.product.RechargeOrderVo: no String-argument constructor/factory method to deserialize from String value (''); nested exception is com.fasterxml.jackson.databind.JsonMappingException: Can not construct instance of com.cupdata.commons.vo.product.RechargeOrderVo: no String-argument constructor/factory method to deserialize from String value ('')
 at [Source: java.io.PushbackInputStream@474b6eb4; line: 1, column: 62] (through reference chain: com.cupdata.commons.vo.BaseResponse["data"])
